Using pre-set license
Built from '2020.3/staging' branch; Version is '2020.3.13f1 (71691879b7f5) revision 7432472'; Using compiler version '192528614'; Build Type 'Release'
OS: 'Windows 10 Pro; OS build 19042.1110; Version 2009; 64bit' Language: 'en' Physical Memory: 32198 MB
BatchMode: 1, IsHumanControllingUs: 0, StartBugReporterOnCrash: 0, Is64bit: 1, IsPro: 0

 COMMAND LINE ARGUMENTS:
C:\Program Files\Unity\Hub\Editor\2020.3.13f1\Editor\Unity.exe
-adb2
-batchMode
-noUpm
-name
AssetImportWorker0
-projectPath
C:/Users/CreativeBrain10/UnityProjects/VRStuff
-logFile
Logs/AssetImportWorker0.log
-srvPort
60016
Successfully changed project path to: C:/Users/CreativeBrain10/UnityProjects/VRStuff
C:/Users/CreativeBrain10/UnityProjects/VRStuff
Using Asset Import Pipeline V2.
Refreshing native plugins compatible for Editor in 87.09 ms, found 12 plugins.
Preloading 2 native plugins for Editor in 2.04 ms.
Initialize engine version: 2020.3.13f1 (71691879b7f5)
[Subsystems] Discovering subsystems at path C:/Program Files/Unity/Hub/Editor/2020.3.13f1/Editor/Data/Resources/UnitySubsystems
[Subsystems] Discovering subsystems at path C:/Users/CreativeBrain10/UnityProjects/VRStuff/Assets
GfxDevice: creating device client; threaded=0
Direct3D:
    Version:  Direct3D 11.0 [level 11.1]
    Renderer: NVIDIA Quadro T2000 (ID=0x1fb8)
    Vendor:   
    VRAM:     3962 MB
    Driver:   27.21.14.5266
Shader 'Oculus/OVRMRCameraFrameLit': fallback shader 'Alpha-Diffuse' not found
Initialize mono
Mono path[0] = 'C:/Program Files/Unity/Hub/Editor/2020.3.13f1/Editor/Data/Managed'
Mono path[1] = 'C:/Program Files/Unity/Hub/Editor/2020.3.13f1/Editor/Data/MonoBleedingEdge/lib/mono/unityjit'
Mono config path = 'C:/Program Files/Unity/Hub/Editor/2020.3.13f1/Editor/Data/MonoBleedingEdge/etc'
Using monoOptions --debugger-agent=transport=dt_socket,embedding=1,server=y,suspend=n,address=127.0.0.1:56036
Begin MonoManager ReloadAssembly
Registering precompiled unity dll's ...
Register platform support module: C:/Program Files/Unity/Hub/Editor/2020.3.13f1/Editor/Data/PlaybackEngines/WindowsStandaloneSupport/UnityEditor.WindowsStandalone.Extensions.dll
Register platform support module: C:/Program Files/Unity/Hub/Editor/2020.3.13f1/Editor/Data/PlaybackEngines/LinuxStandaloneSupport/UnityEditor.LinuxStandalone.Extensions.dll
Registered in 0.002908 seconds.
Native extension for LinuxStandalone target not found
Native extension for WindowsStandalone target not found
Refreshing native plugins compatible for Editor in 69.92 ms, found 12 plugins.
Preloading 2 native plugins for Editor in 0.15 ms.
Mono: successfully reloaded assembly
- Completed reload, in  2.570 seconds
Platform modules already initialized, skipping
Registering precompiled user dll's ...
Registered in 0.011671 seconds.
Begin MonoManager ReloadAssembly
Native extension for LinuxStandalone target not found
Native extension for WindowsStandalone target not found
Refreshing native plugins compatible for Editor in 0.95 ms, found 12 plugins.
Preloading 2 native plugins for Editor in 0.15 ms.
[XR] OculusXRPlugin: registering subsystems
[XR] Unable to register display lifecyle provider: [1]
[XR] Oculus Input lifecycle provider registered.
[XR] Unable to register input lifecyle provider: [1]
[XR] OVRP version 1.61.0
Mono: successfully reloaded assembly
- Completed reload, in  1.362 seconds
Platform modules already initialized, skipping
========================================================================
Worker process is ready to serve import requests
Shader 'Oculus/OVRMRCameraFrameLit': fallback shader 'Alpha-Diffuse' not found
Launched and connected shader compiler UnityShaderCompiler.exe after 0.05 seconds
Refreshing native plugins compatible for Editor in 1.62 ms, found 12 plugins.
Preloading 2 native plugins for Editor in 0.18 ms.
Unloading 2398 Unused Serialized files (Serialized files now loaded: 0)
System memory in use before: 107.3 MB.
System memory in use after: 107.5 MB.

Unloading 45 unused Assets to reduce memory usage. Loaded Objects now: 2812.
Total: 3.192600 ms (FindLiveObjects: 0.285300 ms CreateObjectMapping: 0.116100 ms MarkObjects: 2.685300 ms  DeleteObjects: 0.104600 ms)

AssetImportParameters requested are different than current active one (requested -> active):
  custom:framework-win-MediaFoundation: 216162199b28c13a410421893ffa2e32 -> 
  custom:video-decoder-ogg-theora: a1e56fd34408186e4bbccfd4996cb3dc -> 
  custom:container-muxer-webm: aa71ff27fc2769a1b78a27578f13a17b -> 
  custom:container-demuxer-webm: 4f35f7cbe854078d1ac9338744f61a02 -> 
  custom:container-demuxer-ogg: 62fdf1f143b41e24485cea50d1cbac27 -> 
  custom:video-encoder-webm-vp8: eb34c28f22e8b96e1ab97ce403110664 -> 
  custom:video-decoder-webm-vp8: 9c59270c3fd7afecdb556c50c9e8de78 -> 
  custom:audio-decoder-ogg-vorbis: bf7c407c2cedff20999df2af8eb42d56 -> 
  custom:audio-encoder-webm-vorbis: bf7c407c2cedff20999df2af8eb42d56 -> 
========================================================================
Received Import Request.
  path: Assets/Oculus/Avatar/Content/Prefabs/RemoteAvatar.prefab
  artifactKey: Guid(90bf33f968e6bb44ea0208fc82c90a44) Importer(815301076,1909f56bfc062723c751e8b465ee728b)
Start importing Assets/Oculus/Avatar/Content/Prefabs/RemoteAvatar.prefab using Guid(90bf33f968e6bb44ea0208fc82c90a44) Importer(815301076,1909f56bfc062723c751e8b465ee728b)  -> (artifact id: '51495582ae5fceb9ecb1a5626dd2958a') in 0.062552 seconds 
  Import took 0.066897 seconds .

========================================================================
Received Import Request.
  Time since last request: 0.000417 seconds.
  path: Assets/Oculus/Avatar/Content/Prefabs
  artifactKey: Guid(e2c4ef7503877e647b22a4089384f04f) Importer(815301076,1909f56bfc062723c751e8b465ee728b)
Start importing Assets/Oculus/Avatar/Content/Prefabs using Guid(e2c4ef7503877e647b22a4089384f04f) Importer(815301076,1909f56bfc062723c751e8b465ee728b)  -> (artifact id: '8a4e8dd5ad94d8a03d47de148e58d757') in 0.002256 seconds 
  Import took 0.005888 seconds .

========================================================================
Received Import Request.
  Time since last request: 0.000363 seconds.
  path: Assets/Oculus/Avatar/Content/Prefabs/LocalAvatar.prefab
  artifactKey: Guid(84c8b8609f9bb434eaf5248f17ff1293) Importer(815301076,1909f56bfc062723c751e8b465ee728b)
Start importing Assets/Oculus/Avatar/Content/Prefabs/LocalAvatar.prefab using Guid(84c8b8609f9bb434eaf5248f17ff1293) Importer(815301076,1909f56bfc062723c751e8b465ee728b)  -> (artifact id: '8ece93a6cdfec581e2d5e8e8f907be5d') in 0.004891 seconds 
  Import took 0.009141 seconds .

========================================================================
Received Import Request.
  Time since last request: 5.385795 seconds.
  path: Assets/Oculus/VR/Prefabs/Cursor_Timer.prefab
  artifactKey: Guid(5a7682c244a150b49965c007720bdbb7) Importer(815301076,1909f56bfc062723c751e8b465ee728b)
Start importing Assets/Oculus/VR/Prefabs/Cursor_Timer.prefab using Guid(5a7682c244a150b49965c007720bdbb7) Importer(815301076,1909f56bfc062723c751e8b465ee728b)  -> (artifact id: '35ad1490e88f080ecce316ca30338a76') in 0.060839 seconds 
  Import took 0.064542 seconds .

========================================================================
Received Import Request.
  Time since last request: 0.000365 seconds.
  path: Assets/Oculus/VR/Prefabs/OVRCustomHandPrefab_R.prefab
  artifactKey: Guid(e201a24a09e942042b93390d0444d728) Importer(815301076,1909f56bfc062723c751e8b465ee728b)
Start importing Assets/Oculus/VR/Prefabs/OVRCustomHandPrefab_R.prefab using Guid(e201a24a09e942042b93390d0444d728) Importer(815301076,1909f56bfc062723c751e8b465ee728b)  -> (artifact id: 'f281d04a5732a0079461f63f7db0f2fc') in 0.030621 seconds 
  Import took 0.034465 seconds .

========================================================================
Received Import Request.
  Time since last request: 0.000378 seconds.
  path: Assets/Oculus/VR/Prefabs/OVRCameraRig.prefab
  artifactKey: Guid(126d619cf4daa52469682f85c1378b4a) Importer(815301076,1909f56bfc062723c751e8b465ee728b)
Start importing Assets/Oculus/VR/Prefabs/OVRCameraRig.prefab using Guid(126d619cf4daa52469682f85c1378b4a) Importer(815301076,1909f56bfc062723c751e8b465ee728b)  -> (artifact id: '0bd1749aa3524f030a99c3ab845bc43b') in 0.006279 seconds 
  Import took 0.009708 seconds .

========================================================================
Received Import Request.
  Time since last request: 0.000358 seconds.
  path: Assets/Oculus/VR/Prefabs/OVRCubemapCaptureProbe.prefab
  artifactKey: Guid(7a400e96d4650ff4e827a7e727fad81d) Importer(815301076,1909f56bfc062723c751e8b465ee728b)
Start importing Assets/Oculus/VR/Prefabs/OVRCubemapCaptureProbe.prefab using Guid(7a400e96d4650ff4e827a7e727fad81d) Importer(815301076,1909f56bfc062723c751e8b465ee728b)  -> (artifact id: '6bbc7b3ed15fbdf65e4ea5356a24c260') in 0.004099 seconds 
  Import took 0.007582 seconds .

========================================================================
Received Import Request.
  Time since last request: 0.000296 seconds.
  path: Assets/Oculus/VR/Prefabs/OVRControllerPrefab.prefab
  artifactKey: Guid(d9809c5e8418bb047bf2c8ba1d1a2cec) Importer(815301076,1909f56bfc062723c751e8b465ee728b)
Start importing Assets/Oculus/VR/Prefabs/OVRControllerPrefab.prefab using Guid(d9809c5e8418bb047bf2c8ba1d1a2cec) Importer(815301076,1909f56bfc062723c751e8b465ee728b)  -> (artifact id: '432d287b8935716552858bfdde565d84') in 0.517510 seconds 
  Import took 0.522914 seconds .

========================================================================
Received Import Request.
  Time since last request: 0.000352 seconds.
  path: Assets/Oculus/VR/Prefabs/OVRCustomHandPrefab_L.prefab
  artifactKey: Guid(c6a74181d4000004887343fb87b3c53a) Importer(815301076,1909f56bfc062723c751e8b465ee728b)
Start importing Assets/Oculus/VR/Prefabs/OVRCustomHandPrefab_L.prefab using Guid(c6a74181d4000004887343fb87b3c53a) Importer(815301076,1909f56bfc062723c751e8b465ee728b)  -> (artifact id: '934c3d6d9c6477aad28162f7fb80d83c') in 0.015506 seconds 
  Import took 0.019884 seconds .

========================================================================
Received Import Request.
  Time since last request: 0.000306 seconds.
  path: Assets/Oculus/VR/Prefabs/OVRControllerPrefab.prefab
  artifactKey: Guid(d9809c5e8418bb047bf2c8ba1d1a2cec) Importer(815301076,1909f56bfc062723c751e8b465ee728b)
Start importing Assets/Oculus/VR/Prefabs/OVRControllerPrefab.prefab using Guid(d9809c5e8418bb047bf2c8ba1d1a2cec) Importer(815301076,1909f56bfc062723c751e8b465ee728b)  -> (artifact id: '432d287b8935716552858bfdde565d84') in 0.183179 seconds 
  Import took 0.189397 seconds .

========================================================================
Received Import Request.
  Time since last request: 1.394144 seconds.
  path: Assets/Oculus/VR/Prefabs/OVRHandPrefab.prefab
  artifactKey: Guid(835e735ca71bf78459fb2cababd74112) Importer(815301076,1909f56bfc062723c751e8b465ee728b)
Start importing Assets/Oculus/VR/Prefabs/OVRHandPrefab.prefab using Guid(835e735ca71bf78459fb2cababd74112) Importer(815301076,1909f56bfc062723c751e8b465ee728b)  -> (artifact id: '738172db767c33890d88aca7d416d87b') in 0.005435 seconds 
  Import took 0.008976 seconds .

========================================================================
Received Import Request.
  Time since last request: 0.664111 seconds.
  path: Assets/Oculus/VR/Prefabs/OVRPlayerController.prefab
  artifactKey: Guid(ce816f2e6abb0504092c23ed9b970dfd) Importer(815301076,1909f56bfc062723c751e8b465ee728b)
Start importing Assets/Oculus/VR/Prefabs/OVRPlayerController.prefab using Guid(ce816f2e6abb0504092c23ed9b970dfd) Importer(815301076,1909f56bfc062723c751e8b465ee728b)  -> (artifact id: '757aa5885e83acf47be1c48adb68daa2') in 0.005059 seconds 
  Import took 0.008535 seconds .

========================================================================
Received Import Request.
  Time since last request: 350.370446 seconds.
  path: Assets/Oculus/SampleFramework/Usage/OVROverlay/Textures/OVRDisplayApplicationLayerText.png
  artifactKey: Guid(ddb5f7d8796b2c345bfe283cdc368c73) Importer(815301076,1909f56bfc062723c751e8b465ee728b)
Start importing Assets/Oculus/SampleFramework/Usage/OVROverlay/Textures/OVRDisplayApplicationLayerText.png using Guid(ddb5f7d8796b2c345bfe283cdc368c73) Importer(815301076,1909f56bfc062723c751e8b465ee728b)  -> (artifact id: '2850198d6bc74773b43ccc3aaa4e9d98') in 0.068849 seconds 
  Import took 0.073562 seconds .

========================================================================
Received Import Request.
  Time since last request: 0.000362 seconds.
  path: Assets/Oculus/SampleFramework/Usage/OVROverlay/Textures/OVRDisplayCompositorLayerText.png
  artifactKey: Guid(24e7dc2f4ba252f4684f3c7870f343d0) Importer(815301076,1909f56bfc062723c751e8b465ee728b)
Start importing Assets/Oculus/SampleFramework/Usage/OVROverlay/Textures/OVRDisplayCompositorLayerText.png using Guid(24e7dc2f4ba252f4684f3c7870f343d0) Importer(815301076,1909f56bfc062723c751e8b465ee728b)  -> (artifact id: '0792962bd2e2e695e9677b0c06693218') in 0.020971 seconds 
  Import took 0.024350 seconds .

========================================================================
Received Import Request.
  Time since last request: 0.278145 seconds.
  path: Assets/Resources/OVRPlatformToolSettings.asset
  artifactKey: Guid(79efcb51bcd9ffe418320a200df926a9) Importer(815301076,1909f56bfc062723c751e8b465ee728b)
Start importing Assets/Resources/OVRPlatformToolSettings.asset using Guid(79efcb51bcd9ffe418320a200df926a9) Importer(815301076,1909f56bfc062723c751e8b465ee728b)  -> (artifact id: '73818e7680d89083258b5c9920b0b3c3') in 0.004549 seconds 
  Import took 0.008677 seconds .

========================================================================
Received Import Request.
  Time since last request: 0.001055 seconds.
  path: Assets/Resources/OVRPlatformToolSettings.asset
  artifactKey: Guid(79efcb51bcd9ffe418320a200df926a9) Importer(815301076,1909f56bfc062723c751e8b465ee728b)
Start importing Assets/Resources/OVRPlatformToolSettings.asset using Guid(79efcb51bcd9ffe418320a200df926a9) Importer(815301076,1909f56bfc062723c751e8b465ee728b)  -> (artifact id: '73818e7680d89083258b5c9920b0b3c3') in 0.002744 seconds 
  Import took 0.005906 seconds .

========================================================================
Received Import Request.
  Time since last request: 1542.978403 seconds.
  path: Assets/Oculus/SampleFramework/Core/DistanceGrab/Scripts/DistanceGrabber.cs
  artifactKey: Guid(6b388ff4c8d1f3644a143b16d45403ca) Importer(815301076,1909f56bfc062723c751e8b465ee728b)
Start importing Assets/Oculus/SampleFramework/Core/DistanceGrab/Scripts/DistanceGrabber.cs using Guid(6b388ff4c8d1f3644a143b16d45403ca) Importer(815301076,1909f56bfc062723c751e8b465ee728b)  -> (artifact id: '4e74fede9b935236779196994e927660') in 0.019385 seconds 
  Import took 0.025080 seconds .

========================================================================
Received Import Request.
  Time since last request: 0.003256 seconds.
  path: Assets/Oculus/SampleFramework/Core/DistanceGrab/Scripts/DistanceGrabber.cs
  artifactKey: Guid(6b388ff4c8d1f3644a143b16d45403ca) Importer(815301076,1909f56bfc062723c751e8b465ee728b)
Start importing Assets/Oculus/SampleFramework/Core/DistanceGrab/Scripts/DistanceGrabber.cs using Guid(6b388ff4c8d1f3644a143b16d45403ca) Importer(815301076,1909f56bfc062723c751e8b465ee728b)  -> (artifact id: '4e74fede9b935236779196994e927660') in 0.002258 seconds 
  Import took 0.006612 seconds .

========================================================================
Received Import Request.
  Time since last request: 1.462503 seconds.
  path: Assets/Oculus/SampleFramework/Usage/DistanceGrab/Scripts/DistanceGrabberSample.cs
  artifactKey: Guid(b4138e8f8ee53464d80d2449b3b23092) Importer(815301076,1909f56bfc062723c751e8b465ee728b)
Start importing Assets/Oculus/SampleFramework/Usage/DistanceGrab/Scripts/DistanceGrabberSample.cs using Guid(b4138e8f8ee53464d80d2449b3b23092) Importer(815301076,1909f56bfc062723c751e8b465ee728b)  -> (artifact id: '0ce64bec75dcddc088df266e1c361f20') in 0.001923 seconds 
  Import took 0.004869 seconds .

========================================================================
Received Import Request.
  Time since last request: 0.231369 seconds.
  path: Assets/Oculus/SampleFramework/Usage/DistanceGrab/Scripts/DistanceGrabberSample.cs
  artifactKey: Guid(b4138e8f8ee53464d80d2449b3b23092) Importer(815301076,1909f56bfc062723c751e8b465ee728b)
Start importing Assets/Oculus/SampleFramework/Usage/DistanceGrab/Scripts/DistanceGrabberSample.cs using Guid(b4138e8f8ee53464d80d2449b3b23092) Importer(815301076,1909f56bfc062723c751e8b465ee728b)  -> (artifact id: '0ce64bec75dcddc088df266e1c361f20') in 0.002136 seconds 
  Import took 0.006197 seconds .

========================================================================
Received Import Request.
  Time since last request: 1.546527 seconds.
  path: Assets/Oculus/VR/Scripts/Util/OVRGrabber.cs
  artifactKey: Guid(fd425c2d06f39bf4899d07c05d0f10eb) Importer(815301076,1909f56bfc062723c751e8b465ee728b)
Start importing Assets/Oculus/VR/Scripts/Util/OVRGrabber.cs using Guid(fd425c2d06f39bf4899d07c05d0f10eb) Importer(815301076,1909f56bfc062723c751e8b465ee728b)  -> (artifact id: '391bd744e8a1d82a36daf86c0905fce1') in 0.001614 seconds 
  Import took 0.005134 seconds .

========================================================================
Received Import Request.
  Time since last request: 0.003309 seconds.
  path: Assets/Oculus/VR/Scripts/Util/OVRGrabber.cs
  artifactKey: Guid(fd425c2d06f39bf4899d07c05d0f10eb) Importer(815301076,1909f56bfc062723c751e8b465ee728b)
Start importing Assets/Oculus/VR/Scripts/Util/OVRGrabber.cs using Guid(fd425c2d06f39bf4899d07c05d0f10eb) Importer(815301076,1909f56bfc062723c751e8b465ee728b)  -> (artifact id: '391bd744e8a1d82a36daf86c0905fce1') in 0.001636 seconds 
  Import took 0.005112 seconds .

========================================================================
Received Import Request.
  Time since last request: 192.041465 seconds.
  path: Assets/Oculus/Avatar
  artifactKey: Guid(4ff799725e4773e4ba64e7c4b8cfb386) Importer(815301076,1909f56bfc062723c751e8b465ee728b)
Start importing Assets/Oculus/Avatar using Guid(4ff799725e4773e4ba64e7c4b8cfb386) Importer(815301076,1909f56bfc062723c751e8b465ee728b)  -> (artifact id: '725ae7f418e16227742a90601e6a91c3') in 0.002914 seconds 
  Import took 0.008007 seconds .

========================================================================
Received Import Request.
  Time since last request: 16.839699 seconds.
  path: Assets/Oculus/Avatar/Samples/LocalAvatar
  artifactKey: Guid(2883b756c033a864ca988b3f522f3339) Importer(815301076,1909f56bfc062723c751e8b465ee728b)
Start importing Assets/Oculus/Avatar/Samples/LocalAvatar using Guid(2883b756c033a864ca988b3f522f3339) Importer(815301076,1909f56bfc062723c751e8b465ee728b)  -> (artifact id: '91d71e8fe9ea42b7e98b5007031f77b3') in 0.002103 seconds 
  Import took 0.005619 seconds .

========================================================================
Received Import Request.
  Time since last request: 3.639161 seconds.
  path: Assets/Oculus/Avatar/Samples/LocalAvatar/Prefabs
  artifactKey: Guid(6ab4fae765a78ff4891d22240708e124) Importer(815301076,1909f56bfc062723c751e8b465ee728b)
Start importing Assets/Oculus/Avatar/Samples/LocalAvatar/Prefabs using Guid(6ab4fae765a78ff4891d22240708e124) Importer(815301076,1909f56bfc062723c751e8b465ee728b)  -> (artifact id: '83b4975cfecf98fd5b63b427cf5e9852') in 0.002522 seconds 
  Import took 0.006985 seconds .

========================================================================
Received Import Request.
  Time since last request: 0.870492 seconds.
  path: Assets/Oculus/Avatar/Samples/LocalAvatar/Prefabs/GazeTarget.prefab
  artifactKey: Guid(38d5bb078fd83c9428125e487bef4a1a) Importer(815301076,1909f56bfc062723c751e8b465ee728b)
Start importing Assets/Oculus/Avatar/Samples/LocalAvatar/Prefabs/GazeTarget.prefab using Guid(38d5bb078fd83c9428125e487bef4a1a) Importer(815301076,1909f56bfc062723c751e8b465ee728b)  -> (artifact id: '3fa95b247056b03b60ccd372dad72dc3') in 0.009081 seconds 
  Import took 0.012436 seconds .

========================================================================
Received Import Request.
  Time since last request: 0.000450 seconds.
  path: Assets/Oculus/Avatar/Samples/LocalAvatar/Prefabs/GazeTargetSpawner.prefab
  artifactKey: Guid(93c8b27ca530be741a2ea419a122d453) Importer(815301076,1909f56bfc062723c751e8b465ee728b)
Start importing Assets/Oculus/Avatar/Samples/LocalAvatar/Prefabs/GazeTargetSpawner.prefab using Guid(93c8b27ca530be741a2ea419a122d453) Importer(815301076,1909f56bfc062723c751e8b465ee728b)  -> (artifact id: '3cb7c53d5b78d5d1de4aa3e597dd912c') in 0.003936 seconds 
  Import took 0.007018 seconds .

========================================================================
Received Import Request.
  Time since last request: 98.491788 seconds.
  path: Assets/Oculus/SampleFramework/Usage/DistanceGrab/Prefabs/OutlineItems/DistanceGrabBillardBall03Pf.prefab
  artifactKey: Guid(7ae0bdb1708635e46a2b0bfa802bb184) Importer(815301076,1909f56bfc062723c751e8b465ee728b)
Start importing Assets/Oculus/SampleFramework/Usage/DistanceGrab/Prefabs/OutlineItems/DistanceGrabBillardBall03Pf.prefab using Guid(7ae0bdb1708635e46a2b0bfa802bb184) Importer(815301076,1909f56bfc062723c751e8b465ee728b)  -> (artifact id: '4ee9c58eb30e078eb96c55eea64b4804') in 0.031624 seconds 
  Import took 0.036642 seconds .

========================================================================
Received Import Request.
  Time since last request: 0.544027 seconds.
  path: Assets/Oculus/SampleFramework/Usage/DistanceGrab/Prefabs/OutlineItems/DistanceGrabBillardBall10Pf.prefab
  artifactKey: Guid(6163b6f161e808a42b2cd59a7ed32c34) Importer(815301076,1909f56bfc062723c751e8b465ee728b)
Start importing Assets/Oculus/SampleFramework/Usage/DistanceGrab/Prefabs/OutlineItems/DistanceGrabBillardBall10Pf.prefab using Guid(6163b6f161e808a42b2cd59a7ed32c34) Importer(815301076,1909f56bfc062723c751e8b465ee728b)  -> (artifact id: 'f5e673384c77e6c9f72c88e0c2b37ec9') in 0.021222 seconds 
  Import took 0.025682 seconds .

========================================================================
Received Import Request.
  Time since last request: 0.052261 seconds.
  path: Assets/Oculus/SampleFramework/Usage/DistanceGrab/Prefabs/OutlineItems/DistanceGrabCubeCrosshair.prefab
  artifactKey: Guid(0f51a6c91c2722e4b992f30ef1a244f3) Importer(815301076,1909f56bfc062723c751e8b465ee728b)
Start importing Assets/Oculus/SampleFramework/Usage/DistanceGrab/Prefabs/OutlineItems/DistanceGrabCubeCrosshair.prefab using Guid(0f51a6c91c2722e4b992f30ef1a244f3) Importer(815301076,1909f56bfc062723c751e8b465ee728b)  -> (artifact id: '6434797c4a644fcea8fbbe44d61d2935') in 0.014065 seconds 
  Import took 0.017675 seconds .

========================================================================
Received Import Request.
  Time since last request: 0.509251 seconds.
  path: Assets/Oculus/SampleFramework/Core/DistanceGrab/Prefabs/DistanceGrabHandLeft.prefab
  artifactKey: Guid(0242aa8515b4bc947a945a5c6df83ee9) Importer(815301076,1909f56bfc062723c751e8b465ee728b)
Start importing Assets/Oculus/SampleFramework/Core/DistanceGrab/Prefabs/DistanceGrabHandLeft.prefab using Guid(0242aa8515b4bc947a945a5c6df83ee9) Importer(815301076,1909f56bfc062723c751e8b465ee728b)  -> (artifact id: '15cdd727c558aa4715c7568d9a5f9e2a') in 0.030264 seconds 
  Import took 0.034271 seconds .

========================================================================
Received Import Request.
  Time since last request: 0.277453 seconds.
  path: Assets/Oculus/SampleFramework/Core/DistanceGrab/Prefabs/DistanceGrabHandRight.prefab
  artifactKey: Guid(6fae51a9f4170334e8639e8dbfc0a54b) Importer(815301076,1909f56bfc062723c751e8b465ee728b)
Start importing Assets/Oculus/SampleFramework/Core/DistanceGrab/Prefabs/DistanceGrabHandRight.prefab using Guid(6fae51a9f4170334e8639e8dbfc0a54b) Importer(815301076,1909f56bfc062723c751e8b465ee728b)  -> (artifact id: 'f36568738bc15f5a094017b29e9a1ccd') in 0.029009 seconds 
  Import took 0.033535 seconds .

========================================================================
Received Import Request.
  Time since last request: 0.017582 seconds.
  path: Assets/Oculus/SampleFramework/Usage/DistanceGrab/Prefabs/OutlineItems/DistanceGrabOculusWaterBottlePf.prefab
  artifactKey: Guid(269666423cfb5994c9d52e58a9ee03d5) Importer(815301076,1909f56bfc062723c751e8b465ee728b)
Start importing Assets/Oculus/SampleFramework/Usage/DistanceGrab/Prefabs/OutlineItems/DistanceGrabOculusWaterBottlePf.prefab using Guid(269666423cfb5994c9d52e58a9ee03d5) Importer(815301076,1909f56bfc062723c751e8b465ee728b)  -> (artifact id: '9aec7ab98e9d0edcb7eba9fa1884888b') in 0.107012 seconds 
  Import took 0.110891 seconds .

========================================================================
Received Import Request.
  Time since last request: 0.000356 seconds.
  path: Assets/Oculus/SampleFramework/Usage/DistanceGrab/Prefabs/OutlineItems/DistanceGrabSoccerBallPf.prefab
  artifactKey: Guid(97f4a8d19ea425a47ae392bde7e260cb) Importer(815301076,1909f56bfc062723c751e8b465ee728b)
Start importing Assets/Oculus/SampleFramework/Usage/DistanceGrab/Prefabs/OutlineItems/DistanceGrabSoccerBallPf.prefab using Guid(97f4a8d19ea425a47ae392bde7e260cb) Importer(815301076,1909f56bfc062723c751e8b465ee728b)  -> (artifact id: '1b7f06f6795d3e8b0930ab7b088e4187') in 0.009869 seconds 
  Import took 0.013591 seconds .

========================================================================
Received Import Request.
  Time since last request: 2.876521 seconds.
  path: Assets/Oculus/SampleFramework/Usage/DistanceGrab/Prefabs/DistanceGrabSquirtGunPf.prefab
  artifactKey: Guid(22b887b25a8d6409588281047bba5d66) Importer(815301076,1909f56bfc062723c751e8b465ee728b)
Start importing Assets/Oculus/SampleFramework/Usage/DistanceGrab/Prefabs/DistanceGrabSquirtGunPf.prefab using Guid(22b887b25a8d6409588281047bba5d66) Importer(815301076,1909f56bfc062723c751e8b465ee728b)  -> (artifact id: '88864bc05583cc61c8e9f6232cc9c18a') in 0.147199 seconds 
  Import took 0.150991 seconds .

========================================================================
Received Import Request.
  Time since last request: 0.004518 seconds.
  path: Assets/Oculus/SampleFramework/Usage/DistanceGrab/Prefabs/DistanceGrabSquirtGunPf.prefab
  artifactKey: Guid(22b887b25a8d6409588281047bba5d66) Importer(815301076,1909f56bfc062723c751e8b465ee728b)
Start importing Assets/Oculus/SampleFramework/Usage/DistanceGrab/Prefabs/DistanceGrabSquirtGunPf.prefab using Guid(22b887b25a8d6409588281047bba5d66) Importer(815301076,1909f56bfc062723c751e8b465ee728b)  -> (artifact id: '88864bc05583cc61c8e9f6232cc9c18a') in 0.007242 seconds 
  Import took 0.011351 seconds .

========================================================================
Received Import Request.
  Time since last request: 0.199771 seconds.
  path: Assets/Oculus/SampleFramework/Usage/DistanceGrab/Prefabs/OutlineItems/DistanceGrabWoodBlockPf.prefab
  artifactKey: Guid(ea7023a21c9958f439273c740ffccda8) Importer(815301076,1909f56bfc062723c751e8b465ee728b)
Start importing Assets/Oculus/SampleFramework/Usage/DistanceGrab/Prefabs/OutlineItems/DistanceGrabWoodBlockPf.prefab using Guid(ea7023a21c9958f439273c740ffccda8) Importer(815301076,1909f56bfc062723c751e8b465ee728b)  -> (artifact id: 'fe725ed7005ada4da9294ed3b1f56caf') in 0.020605 seconds 
  Import took 0.024590 seconds .

========================================================================
Received Import Request.
  Time since last request: 0.001053 seconds.
  path: Assets/Oculus/SampleFramework/Usage/DistanceGrab/Prefabs/OutlineItems/DistanceGrabWoodBlockPf.prefab
  artifactKey: Guid(ea7023a21c9958f439273c740ffccda8) Importer(815301076,1909f56bfc062723c751e8b465ee728b)
Start importing Assets/Oculus/SampleFramework/Usage/DistanceGrab/Prefabs/OutlineItems/DistanceGrabWoodBlockPf.prefab using Guid(ea7023a21c9958f439273c740ffccda8) Importer(815301076,1909f56bfc062723c751e8b465ee728b)  -> (artifact id: 'fe725ed7005ada4da9294ed3b1f56caf') in 0.017799 seconds 
  Import took 0.022052 seconds .

========================================================================
Received Import Request.
  Time since last request: 0.663114 seconds.
  path: Assets/Oculus/SampleFramework/Core/DistanceGrab/Mesh/GrabConeVolume.asset
  artifactKey: Guid(fcd019dc7c1f92140963033f1669ec2f) Importer(815301076,1909f56bfc062723c751e8b465ee728b)
Start importing Assets/Oculus/SampleFramework/Core/DistanceGrab/Mesh/GrabConeVolume.asset using Guid(fcd019dc7c1f92140963033f1669ec2f) Importer(815301076,1909f56bfc062723c751e8b465ee728b)  -> (artifact id: 'ab1d19d2c98569233166f2b2bf86e016') in 0.023263 seconds 
  Import took 0.026831 seconds .

========================================================================
Received Import Request.
  Time since last request: 0.193925 seconds.
  path: Assets/Oculus/SampleFramework/Core/CustomHands/GrabConeVolume.asset
  artifactKey: Guid(687d21fc72e51324cbb1c3078c72718e) Importer(815301076,1909f56bfc062723c751e8b465ee728b)
Start importing Assets/Oculus/SampleFramework/Core/CustomHands/GrabConeVolume.asset using Guid(687d21fc72e51324cbb1c3078c72718e) Importer(815301076,1909f56bfc062723c751e8b465ee728b)  -> (artifact id: '742de09419a3647304c249dd0e60dcd8') in 0.007707 seconds 
  Import took 0.011486 seconds .

========================================================================
Received Import Request.
  Time since last request: 0.863962 seconds.
  path: Assets/Oculus/SampleFramework/Usage/DistanceGrab/Prefabs/GrabOffsetsAndPoses/GrabOffsetPingPongBall.prefab
  artifactKey: Guid(02215b6c75ce0c241876390fdabaad25) Importer(815301076,1909f56bfc062723c751e8b465ee728b)
Start importing Assets/Oculus/SampleFramework/Usage/DistanceGrab/Prefabs/GrabOffsetsAndPoses/GrabOffsetPingPongBall.prefab using Guid(02215b6c75ce0c241876390fdabaad25) Importer(815301076,1909f56bfc062723c751e8b465ee728b)  -> (artifact id: '6e93c85a304af6b426f919ecfffcab60') in 0.003181 seconds 
  Import took 0.006856 seconds .

========================================================================
Received Import Request.
  Time since last request: 0.003576 seconds.
  path: Assets/Oculus/SampleFramework/Usage/DistanceGrab/Prefabs/GrabOffsetsAndPoses/GrabOffsetPingPongBall.prefab
  artifactKey: Guid(02215b6c75ce0c241876390fdabaad25) Importer(815301076,1909f56bfc062723c751e8b465ee728b)
Start importing Assets/Oculus/SampleFramework/Usage/DistanceGrab/Prefabs/GrabOffsetsAndPoses/GrabOffsetPingPongBall.prefab using Guid(02215b6c75ce0c241876390fdabaad25) Importer(815301076,1909f56bfc062723c751e8b465ee728b)  -> (artifact id: '6e93c85a304af6b426f919ecfffcab60') in 0.002896 seconds 
  Import took 0.006461 seconds .

========================================================================
Received Import Request.
  Time since last request: 0.081875 seconds.
  path: Assets/Oculus/SampleFramework/Usage/DistanceGrab/Prefabs/GrabOffsetsAndPoses/GrabOffsetSportsBottle.prefab
  artifactKey: Guid(802a502bbd864114696daa6c2001c156) Importer(815301076,1909f56bfc062723c751e8b465ee728b)
Start importing Assets/Oculus/SampleFramework/Usage/DistanceGrab/Prefabs/GrabOffsetsAndPoses/GrabOffsetSportsBottle.prefab using Guid(802a502bbd864114696daa6c2001c156) Importer(815301076,1909f56bfc062723c751e8b465ee728b)  -> (artifact id: '859c2d79ce74f1a22c53bfae7efacf8f') in 0.003294 seconds 
  Import took 0.007437 seconds .

========================================================================
Received Import Request.
  Time since last request: 0.002858 seconds.
  path: Assets/Oculus/SampleFramework/Usage/DistanceGrab/Prefabs/GrabOffsetsAndPoses/GrabOffsetSportsBottle.prefab
  artifactKey: Guid(802a502bbd864114696daa6c2001c156) Importer(815301076,1909f56bfc062723c751e8b465ee728b)
Start importing Assets/Oculus/SampleFramework/Usage/DistanceGrab/Prefabs/GrabOffsetsAndPoses/GrabOffsetSportsBottle.prefab using Guid(802a502bbd864114696daa6c2001c156) Importer(815301076,1909f56bfc062723c751e8b465ee728b)  -> (artifact id: '859c2d79ce74f1a22c53bfae7efacf8f') in 0.002519 seconds 
  Import took 0.005935 seconds .

========================================================================
Received Import Request.
  Time since last request: 3.201347 seconds.
  path: Assets/Oculus/SampleFramework/Core/DistanceGrab/Scripts/GrabbableCrosshair.cs
  artifactKey: Guid(0ffe6c14f054b624d8a61df503f21c73) Importer(815301076,1909f56bfc062723c751e8b465ee728b)
Start importing Assets/Oculus/SampleFramework/Core/DistanceGrab/Scripts/GrabbableCrosshair.cs using Guid(0ffe6c14f054b624d8a61df503f21c73) Importer(815301076,1909f56bfc062723c751e8b465ee728b)  -> (artifact id: '1b7d37f625871be5109feff04d567e89') in 0.002609 seconds 
  Import took 0.006101 seconds .

========================================================================
Received Import Request.
  Time since last request: 2.811599 seconds.
  path: Assets/Oculus/SampleFramework/Core/DistanceGrab/Scripts/GrabManager.cs
  artifactKey: Guid(c2d153878a9f7eb45b0e02c0c739029a) Importer(815301076,1909f56bfc062723c751e8b465ee728b)
Start importing Assets/Oculus/SampleFramework/Core/DistanceGrab/Scripts/GrabManager.cs using Guid(c2d153878a9f7eb45b0e02c0c739029a) Importer(815301076,1909f56bfc062723c751e8b465ee728b)  -> (artifact id: '1403c7b678357464ad199810508af677') in 0.001675 seconds 
  Import took 0.005605 seconds .

========================================================================
Received Import Request.
  Time since last request: 1.513853 seconds.
  path: Assets/Oculus/VR/Scripts/Util/OVRGrabbable.cs
  artifactKey: Guid(02d61468f8b77ae4b92c344bc9a600fb) Importer(815301076,1909f56bfc062723c751e8b465ee728b)
Start importing Assets/Oculus/VR/Scripts/Util/OVRGrabbable.cs using Guid(02d61468f8b77ae4b92c344bc9a600fb) Importer(815301076,1909f56bfc062723c751e8b465ee728b)  -> (artifact id: '63e4bdbf2a8946adcceb804f8ad0dc02') in 0.001979 seconds 
  Import took 0.005242 seconds .

========================================================================
Received Import Request.
  Time since last request: 0.000376 seconds.
  path: Assets/Oculus/VR/Scripts/Util/OVRGrabbable.cs
  artifactKey: Guid(02d61468f8b77ae4b92c344bc9a600fb) Importer(815301076,1909f56bfc062723c751e8b465ee728b)
Start importing Assets/Oculus/VR/Scripts/Util/OVRGrabbable.cs using Guid(02d61468f8b77ae4b92c344bc9a600fb) Importer(815301076,1909f56bfc062723c751e8b465ee728b)  -> (artifact id: '63e4bdbf2a8946adcceb804f8ad0dc02') in 0.001792 seconds 
  Import took 0.005650 seconds .

========================================================================
Received Prepare
Registering precompiled user dll's ...
Registered in 0.009691 seconds.
Begin MonoManager ReloadAssembly
Native extension for LinuxStandalone target not found
Native extension for WindowsStandalone target not found
Refreshing native plugins compatible for Editor in 0.79 ms, found 12 plugins.
Preloading 2 native plugins for Editor in 0.13 ms.
Mono: successfully reloaded assembly
- Completed reload, in  1.014 seconds
Platform modules already initialized, skipping
Switching build target platform(19) subTarget(0) extendedPlatform(0) -> platform(13) subTarget(524288) extendedPlatform(0)
Shader 'Oculus/OVRMRCameraFrameLit': fallback shader 'Alpha-Diffuse' not found
Refreshing native plugins compatible for Editor in 0.84 ms, found 12 plugins.
Preloading 2 native plugins for Editor in 0.16 ms.
Unloading 2320 Unused Serialized files (Serialized files now loaded: 0)
System memory in use before: 118.8 MB.
System memory in use after: 119.0 MB.

Unloading 40 unused Assets to reduce memory usage. Loaded Objects now: 2833.
Total: 2.731200 ms (FindLiveObjects: 0.217800 ms CreateObjectMapping: 0.081500 ms MarkObjects: 2.285600 ms  DeleteObjects: 0.145400 ms)

AssetImportParameters requested are different than current active one (requested -> active):
  custom:framework-win-MediaFoundation: 216162199b28c13a410421893ffa2e32 -> 
  custom:video-decoder-ogg-theora: a1e56fd34408186e4bbccfd4996cb3dc -> 
  custom:container-muxer-webm: aa71ff27fc2769a1b78a27578f13a17b -> 
  custom:container-demuxer-webm: 4f35f7cbe854078d1ac9338744f61a02 -> 
  custom:container-demuxer-ogg: 62fdf1f143b41e24485cea50d1cbac27 -> 
  custom:video-encoder-webm-vp8: eb34c28f22e8b96e1ab97ce403110664 -> 
  custom:video-decoder-webm-vp8: 9c59270c3fd7afecdb556c50c9e8de78 -> 
  custom:graphics/normal-map-encoding: 01000000000000000000000000000000 -> 02000000000000000000000000000000
  custom:audio-decoder-ogg-vorbis: bf7c407c2cedff20999df2af8eb42d56 -> 
  custom:audio-encoder-webm-vorbis: bf7c407c2cedff20999df2af8eb42d56 -> 
========================================================================
Received Import Request.
  Time since last request: 616.450791 seconds.
  path: Assets/Oculus/VR/Materials/Arrow.mat
  artifactKey: Guid(669025377795b574da66d9bb2472fcab) Importer(815301076,1909f56bfc062723c751e8b465ee728b)
Start importing Assets/Oculus/VR/Materials/Arrow.mat using Guid(669025377795b574da66d9bb2472fcab) Importer(815301076,1909f56bfc062723c751e8b465ee728b)  -> (artifact id: '8805bc3e1c5a2d99c5fa9f3eec49dea8') in 0.064357 seconds 
  Import took 0.068339 seconds .

========================================================================
Received Import Request.
  Time since last request: 0.000312 seconds.
  path: Assets/Oculus/VR/Materials/BasicHandMaterial.mat
  artifactKey: Guid(5ba7d209f622bb44e87b47ce27ee27b7) Importer(815301076,1909f56bfc062723c751e8b465ee728b)
Start importing Assets/Oculus/VR/Materials/BasicHandMaterial.mat using Guid(5ba7d209f622bb44e87b47ce27ee27b7) Importer(815301076,1909f56bfc062723c751e8b465ee728b)  -> (artifact id: '548d031e70a093ed0d0dac0d71d9f775') in 0.168547 seconds 
  Import took 0.171640 seconds .

========================================================================
Received Import Request.
  Time since last request: 0.000313 seconds.
  path: Assets/Oculus/VR/Materials/CubeMaterial.mat
  artifactKey: Guid(62db2d638434d5a488dfb1e789e34b37) Importer(815301076,1909f56bfc062723c751e8b465ee728b)
Start importing Assets/Oculus/VR/Materials/CubeMaterial.mat using Guid(62db2d638434d5a488dfb1e789e34b37) Importer(815301076,1909f56bfc062723c751e8b465ee728b)  -> (artifact id: 'ebf91e2e4392390b04e656b1d3379422') in 0.018001 seconds 
  Import took 0.021747 seconds .

========================================================================
Received Import Request.
  Time since last request: 0.000423 seconds.
  path: Assets/Oculus/VR/Materials/gaze_cursor.mat
  artifactKey: Guid(7f31de375e167154aa45929466af30e4) Importer(815301076,1909f56bfc062723c751e8b465ee728b)
Start importing Assets/Oculus/VR/Materials/gaze_cursor.mat using Guid(7f31de375e167154aa45929466af30e4) Importer(815301076,1909f56bfc062723c751e8b465ee728b)  -> (artifact id: '0daf3618cb3e8ff03a6eae6c15f25548') in 0.031718 seconds 
  Import took 0.035223 seconds .

========================================================================
Received Import Request.
  Time since last request: 0.000366 seconds.
  path: Assets/Oculus/VR/Materials/cursor_timer_material.mat
  artifactKey: Guid(9531aa878fd5c4749b288b72024e8d2f) Importer(815301076,1909f56bfc062723c751e8b465ee728b)
Start importing Assets/Oculus/VR/Materials/cursor_timer_material.mat using Guid(9531aa878fd5c4749b288b72024e8d2f) Importer(815301076,1909f56bfc062723c751e8b465ee728b)  -> (artifact id: '6519b50455d2346a1de89e34726034b3') in 0.029295 seconds 
  Import took 0.032590 seconds .

========================================================================
Received Import Request.
  Time since last request: 0.000263 seconds.
  path: Assets/Oculus/VR/Materials/GazePointer.mat
  artifactKey: Guid(3fac3b9744290eb4c89b0e4ffd5fe085) Importer(815301076,1909f56bfc062723c751e8b465ee728b)
Start importing Assets/Oculus/VR/Materials/GazePointer.mat using Guid(3fac3b9744290eb4c89b0e4ffd5fe085) Importer(815301076,1909f56bfc062723c751e8b465ee728b)  -> (artifact id: 'de41ad03c21a77720deea7ce0bf96d74') in 0.027016 seconds 
  Import took 0.030706 seconds .

========================================================================
Received Import Request.
  Time since last request: 1.721854 seconds.
  path: Assets/Oculus/VR/Meshes/HandTracking/OculusHand_L.fbx
  artifactKey: Guid(442d5b4503ed83c4897ef44659446587) Importer(815301076,1909f56bfc062723c751e8b465ee728b)
Start importing Assets/Oculus/VR/Meshes/HandTracking/OculusHand_L.fbx using Guid(442d5b4503ed83c4897ef44659446587) Importer(815301076,1909f56bfc062723c751e8b465ee728b)  -> (artifact id: '49ea2cf3bfc5c063d8fb4876c121d3c2') in 0.185665 seconds 
  Import took 0.189514 seconds .

========================================================================
Received Import Request.
  Time since last request: 0.000321 seconds.
  path: Assets/Oculus/VR/Meshes/HandTracking/OculusHand_R.fbx
  artifactKey: Guid(88e2e1bfe11ec6c438b0ade27eaeded1) Importer(815301076,1909f56bfc062723c751e8b465ee728b)
Start importing Assets/Oculus/VR/Meshes/HandTracking/OculusHand_R.fbx using Guid(88e2e1bfe11ec6c438b0ade27eaeded1) Importer(815301076,1909f56bfc062723c751e8b465ee728b)  -> (artifact id: '073f0c6252834ef786130f37c3d8ab33') in 0.021553 seconds 
  Import took 0.024834 seconds .

========================================================================
Received Import Request.
  Time since last request: 9.736877 seconds.
  path: Assets/Oculus/SampleFramework/Core/CustomHands/CustomHandLeft.prefab
  artifactKey: Guid(e6ba3498ffa1e534b91a07264266e6b8) Importer(815301076,1909f56bfc062723c751e8b465ee728b)
Start importing Assets/Oculus/SampleFramework/Core/CustomHands/CustomHandLeft.prefab using Guid(e6ba3498ffa1e534b91a07264266e6b8) Importer(815301076,1909f56bfc062723c751e8b465ee728b)  -> (artifact id: 'd062a00481016f2a51bc43abc9f6b296') in 0.058932 seconds 
  Import took 0.063556 seconds .

========================================================================
Received Import Request.
  Time since last request: 0.000340 seconds.
  path: Assets/Oculus/SampleFramework/Core/CustomHands/CustomHandRight.prefab
  artifactKey: Guid(ba1fa4a8c66106b4988c88fe4b8e8502) Importer(815301076,1909f56bfc062723c751e8b465ee728b)
Start importing Assets/Oculus/SampleFramework/Core/CustomHands/CustomHandRight.prefab using Guid(ba1fa4a8c66106b4988c88fe4b8e8502) Importer(815301076,1909f56bfc062723c751e8b465ee728b)  -> (artifact id: '7461ac648cf103656e1178ed0ef5ffc0') in 0.017485 seconds 
  Import took 0.021472 seconds .

========================================================================
Received Import Request.
  Time since last request: 0.628254 seconds.
  path: Assets/Oculus/SampleFramework/Core/HandsInteraction/Materials/DefaultHandMaterial.mat
  artifactKey: Guid(8f92ce6a2e9e04e458f46e6a635b1d62) Importer(815301076,1909f56bfc062723c751e8b465ee728b)
Start importing Assets/Oculus/SampleFramework/Core/HandsInteraction/Materials/DefaultHandMaterial.mat using Guid(8f92ce6a2e9e04e458f46e6a635b1d62) Importer(815301076,1909f56bfc062723c751e8b465ee728b)  -> (artifact id: '349f75426d81deb33887f04727bfcb23') in 0.071039 seconds 
  Import took 0.075544 seconds .

========================================================================
Received Import Request.
  Time since last request: 0.358085 seconds.
  path: Assets/Oculus/VR/Textures/handle.png
  artifactKey: Guid(ce8f78b2b9292484e97f36ad9568fc4f) Importer(815301076,1909f56bfc062723c751e8b465ee728b)
Start importing Assets/Oculus/VR/Textures/handle.png using Guid(ce8f78b2b9292484e97f36ad9568fc4f) Importer(815301076,1909f56bfc062723c751e8b465ee728b)  -> (artifact id: 'd1c8c41af2d30738ff3d79c78167f37f') in 0.019249 seconds 
  Import took 0.022954 seconds .

========================================================================
Received Import Request.
  Time since last request: 2.085074 seconds.
  path: Assets/Oculus/SampleFramework/Core/CustomHands/Models/HandMaterial.mat
  artifactKey: Guid(cc8c9e8a516866042b69a6919d0ab885) Importer(815301076,1909f56bfc062723c751e8b465ee728b)
Start importing Assets/Oculus/SampleFramework/Core/CustomHands/Models/HandMaterial.mat using Guid(cc8c9e8a516866042b69a6919d0ab885) Importer(815301076,1909f56bfc062723c751e8b465ee728b)  -> (artifact id: '31a36dfc28cbbf0cc770b6a5a31679f3') in 0.007995 seconds 
  Import took 0.011551 seconds .

========================================================================
Received Import Request.
  Time since last request: 0.044547 seconds.
  path: Assets/Oculus/SampleFramework/Core/CustomHands/Models/HandPoseDefaultPf.prefab
  artifactKey: Guid(35525acb4c3b75c4a8c4dc2c117427be) Importer(815301076,1909f56bfc062723c751e8b465ee728b)
Start importing Assets/Oculus/SampleFramework/Core/CustomHands/Models/HandPoseDefaultPf.prefab using Guid(35525acb4c3b75c4a8c4dc2c117427be) Importer(815301076,1909f56bfc062723c751e8b465ee728b)  -> (artifact id: '71a095a81b5ddfbaa81c28d6fefdb856') in 0.003163 seconds 
  Import took 0.006391 seconds .

========================================================================
Received Import Request.
  Time since last request: 8.172097 seconds.
  path: Assets/Oculus/SampleFramework/Core/CustomHands/Models/r_hand_skeletal_lowres.fbx
  artifactKey: Guid(d0c255d07fd68f14b94e55d388e7e6bb) Importer(815301076,1909f56bfc062723c751e8b465ee728b)
Start importing Assets/Oculus/SampleFramework/Core/CustomHands/Models/r_hand_skeletal_lowres.fbx using Guid(d0c255d07fd68f14b94e55d388e7e6bb) Importer(815301076,1909f56bfc062723c751e8b465ee728b)  -> (artifact id: 'b8c5518160560faf506370abdd86297f') in 0.021648 seconds 
  Import took 0.026407 seconds .

========================================================================
Received Import Request.
  Time since last request: 91.598971 seconds.
  path: Assets/Oculus/SampleFramework/Core/CustomHands
  artifactKey: Guid(a8bb45e7ef4481e4db0a4da3bf699032) Importer(815301076,1909f56bfc062723c751e8b465ee728b)
Start importing Assets/Oculus/SampleFramework/Core/CustomHands using Guid(a8bb45e7ef4481e4db0a4da3bf699032) Importer(815301076,1909f56bfc062723c751e8b465ee728b)  -> (artifact id: 'f19f15cfbdb76b695ef6f807c01f9155') in 0.002175 seconds 
  Import took 0.006038 seconds .

========================================================================
Received Import Request.
  Time since last request: 264.766591 seconds.
  path: Assets/Oculus/SampleFramework/Core/CustomHands/Materials/Hands_solid.mat
  artifactKey: Guid(3637b758ff163493f8bb8b6d7e96d7ae) Importer(815301076,1909f56bfc062723c751e8b465ee728b)
Start importing Assets/Oculus/SampleFramework/Core/CustomHands/Materials/Hands_solid.mat using Guid(3637b758ff163493f8bb8b6d7e96d7ae) Importer(815301076,1909f56bfc062723c751e8b465ee728b)  -> (artifact id: '89611f06e076adc80abd8a27ed4fd07c') in 0.008837 seconds 
  Import took 0.013414 seconds .

========================================================================
Received Import Request.
  Time since last request: 0.000711 seconds.
  path: Assets/Oculus/SampleFramework/Core/CustomHands/Materials/Hands_striped.mat
  artifactKey: Guid(2053692007a444b4298a3c679f98a1ce) Importer(815301076,1909f56bfc062723c751e8b465ee728b)
Start importing Assets/Oculus/SampleFramework/Core/CustomHands/Materials/Hands_striped.mat using Guid(2053692007a444b4298a3c679f98a1ce) Importer(815301076,1909f56bfc062723c751e8b465ee728b)  -> (artifact id: 'd00883ad598aa79dbdc34cb675ebb930') in 0.087126 seconds 
  Import took 0.090460 seconds .

========================================================================
Received Import Request.
  Time since last request: 0.000333 seconds.
  path: Assets/Oculus/SampleFramework/Core/CustomHands/Materials/Hands_transparent.mat
  artifactKey: Guid(944feb076639a4d39b750e3cb5d7dfab) Importer(815301076,1909f56bfc062723c751e8b465ee728b)
Start importing Assets/Oculus/SampleFramework/Core/CustomHands/Materials/Hands_transparent.mat using Guid(944feb076639a4d39b750e3cb5d7dfab) Importer(815301076,1909f56bfc062723c751e8b465ee728b)  -> (artifact id: '05f1ec20f73c97e905c4a55212c9f2d8') in 0.080968 seconds 
  Import took 0.084125 seconds .

========================================================================
Received Import Request.
  Time since last request: 0.000327 seconds.
  path: Assets/Oculus/SampleFramework/Core/CustomHands/Materials/Hands_striped.mat
  artifactKey: Guid(2053692007a444b4298a3c679f98a1ce) Importer(815301076,1909f56bfc062723c751e8b465ee728b)
Start importing Assets/Oculus/SampleFramework/Core/CustomHands/Materials/Hands_striped.mat using Guid(2053692007a444b4298a3c679f98a1ce) Importer(815301076,1909f56bfc062723c751e8b465ee728b)  -> (artifact id: 'd00883ad598aa79dbdc34cb675ebb930') in 0.055114 seconds 
  Import took 0.058754 seconds .

========================================================================
Received Import Request.
  Time since last request: 0.000324 seconds.
  path: Assets/Oculus/SampleFramework/Core/CustomHands/Materials/Hands_transparent.mat
  artifactKey: Guid(944feb076639a4d39b750e3cb5d7dfab) Importer(815301076,1909f56bfc062723c751e8b465ee728b)
Start importing Assets/Oculus/SampleFramework/Core/CustomHands/Materials/Hands_transparent.mat using Guid(944feb076639a4d39b750e3cb5d7dfab) Importer(815301076,1909f56bfc062723c751e8b465ee728b)  -> (artifact id: '05f1ec20f73c97e905c4a55212c9f2d8') in 0.006697 seconds 
  Import took 0.010139 seconds .

========================================================================
Received Import Request.
  Time since last request: 0.793831 seconds.
  path: Assets/Oculus/SampleFramework/Usage/DistanceGrab/GroundMaterial.mat
  artifactKey: Guid(8d8daae58c69eef4e8ac3d976703af6b) Importer(815301076,1909f56bfc062723c751e8b465ee728b)
Start importing Assets/Oculus/SampleFramework/Usage/DistanceGrab/GroundMaterial.mat using Guid(8d8daae58c69eef4e8ac3d976703af6b) Importer(815301076,1909f56bfc062723c751e8b465ee728b)  -> (artifact id: '06783f41597f8dd576d57344770a8da7') in 0.069745 seconds 
  Import took 0.073621 seconds .

========================================================================
Received Import Request.
  Time since last request: 0.000327 seconds.
  path: Assets/Oculus/LipSync/Models/RobotHead_TextureFlip/Materials/Head-2.mat
  artifactKey: Guid(b8f002f88e9d7e847b5306f3338f80db) Importer(815301076,1909f56bfc062723c751e8b465ee728b)
Start importing Assets/Oculus/LipSync/Models/RobotHead_TextureFlip/Materials/Head-2.mat using Guid(b8f002f88e9d7e847b5306f3338f80db) Importer(815301076,1909f56bfc062723c751e8b465ee728b)  -> (artifact id: 'c743c7d1235b6dc2c79d00cbed053696') in 0.095437 seconds 
  Import took 0.098977 seconds .

========================================================================
Received Import Request.
  Time since last request: 0.000341 seconds.
  path: Assets/Oculus/SampleFramework/Usage/HandsTrainExample/Materials/HandsNotificationMaterial.mat
  artifactKey: Guid(497f7cc045d01f1479c242f0b883e8f2) Importer(815301076,1909f56bfc062723c751e8b465ee728b)
Start importing Assets/Oculus/SampleFramework/Usage/HandsTrainExample/Materials/HandsNotificationMaterial.mat using Guid(497f7cc045d01f1479c242f0b883e8f2) Importer(815301076,1909f56bfc062723c751e8b465ee728b)  -> (artifact id: 'dba6207781eb42920ab32d352a020302') in 0.029110 seconds 
  Import took 0.032625 seconds .

========================================================================
Received Import Request.
  Time since last request: 0.000253 seconds.
  path: Assets/Oculus/Avatar/Samples/SocialStarter/Assets/Materials/Help.mat
  artifactKey: Guid(4c18da23435024b43a2b78449cbb6ed0) Importer(815301076,1909f56bfc062723c751e8b465ee728b)
Start importing Assets/Oculus/Avatar/Samples/SocialStarter/Assets/Materials/Help.mat using Guid(4c18da23435024b43a2b78449cbb6ed0) Importer(815301076,1909f56bfc062723c751e8b465ee728b)  -> (artifact id: 'eead23ff8661e740ef1f445a70360a45') in 0.011147 seconds 
  Import took 0.014529 seconds .

========================================================================
Received Import Request.
  Time since last request: 0.000348 seconds.
  path: Assets/Oculus/LipSync/Models/FemaleHead_Morph/Materials/hair.mat
  artifactKey: Guid(d0455a0ebc21e4c758037cb4b82bebd2) Importer(815301076,1909f56bfc062723c751e8b465ee728b)
Start importing Assets/Oculus/LipSync/Models/FemaleHead_Morph/Materials/hair.mat using Guid(d0455a0ebc21e4c758037cb4b82bebd2) Importer(815301076,1909f56bfc062723c751e8b465ee728b)  -> (artifact id: '9111d67fceb0bc71bc6403f5ee36eabf') in 0.184583 seconds 
  Import took 0.187997 seconds .

========================================================================
Received Import Request.
  Time since last request: 0.008781 seconds.
  path: Assets/Oculus/LipSync/Models/FemaleHead_Morph/Materials/hair.mat
  artifactKey: Guid(d0455a0ebc21e4c758037cb4b82bebd2) Importer(815301076,1909f56bfc062723c751e8b465ee728b)
Start importing Assets/Oculus/LipSync/Models/FemaleHead_Morph/Materials/hair.mat using Guid(d0455a0ebc21e4c758037cb4b82bebd2) Importer(815301076,1909f56bfc062723c751e8b465ee728b)  -> (artifact id: '9111d67fceb0bc71bc6403f5ee36eabf') in 0.049490 seconds 
  Import took 0.053343 seconds .

========================================================================
Received Prepare
Registering precompiled user dll's ...
Registered in 0.010484 seconds.
Begin MonoManager ReloadAssembly
Native extension for LinuxStandalone target not found
Native extension for WindowsStandalone target not found
Refreshing native plugins compatible for Editor in 1.00 ms, found 12 plugins.
Preloading 2 native plugins for Editor in 0.16 ms.
Mono: successfully reloaded assembly
- Completed reload, in  1.257 seconds
Platform modules already initialized, skipping
Switching build target platform(19) subTarget(0) extendedPlatform(0) -> platform(13) subTarget(524288) extendedPlatform(0)
Shader 'Oculus/OVRMRCameraFrameLit': fallback shader 'Alpha-Diffuse' not found
Refreshing native plugins compatible for Editor in 0.99 ms, found 12 plugins.
Preloading 2 native plugins for Editor in 0.16 ms.
Unloading 2320 Unused Serialized files (Serialized files now loaded: 0)
System memory in use before: 120.2 MB.
System memory in use after: 120.4 MB.

Unloading 40 unused Assets to reduce memory usage. Loaded Objects now: 2875.
Total: 2.943900 ms (FindLiveObjects: 0.306400 ms CreateObjectMapping: 0.117100 ms MarkObjects: 2.437100 ms  DeleteObjects: 0.082200 ms)

AssetImportParameters requested are different than current active one (requested -> active):
  custom:framework-win-MediaFoundation: 216162199b28c13a410421893ffa2e32 -> 
  custom:video-decoder-ogg-theora: a1e56fd34408186e4bbccfd4996cb3dc -> 
  custom:container-muxer-webm: aa71ff27fc2769a1b78a27578f13a17b -> 
  custom:container-demuxer-webm: 4f35f7cbe854078d1ac9338744f61a02 -> 
  custom:container-demuxer-ogg: 62fdf1f143b41e24485cea50d1cbac27 -> 
  custom:video-encoder-webm-vp8: eb34c28f22e8b96e1ab97ce403110664 -> 
  custom:video-decoder-webm-vp8: 9c59270c3fd7afecdb556c50c9e8de78 -> 
  custom:graphics/normal-map-encoding: 01000000000000000000000000000000 -> 02000000000000000000000000000000
  custom:audio-decoder-ogg-vorbis: bf7c407c2cedff20999df2af8eb42d56 -> 
  custom:audio-encoder-webm-vorbis: bf7c407c2cedff20999df2af8eb42d56 -> 
========================================================================
Received Import Request.
  Time since last request: 386.709534 seconds.
  path: ProjectSettings/TagManager.asset
  artifactKey: Guid(00000000000000003000000000000000) Importer(815301076,1909f56bfc062723c751e8b465ee728b)
Start importing ProjectSettings/TagManager.asset using Guid(00000000000000003000000000000000) Importer(815301076,1909f56bfc062723c751e8b465ee728b)  -> (artifact id: 'a7bb5682fa2ce19a34db89ecc02a2f46') in 0.014615 seconds 
  Import took 0.019798 seconds .

========================================================================
Received Import Request.
  Time since last request: 19.438487 seconds.
  path: ProjectSettings/TagManager.asset
  artifactKey: Guid(00000000000000003000000000000000) Importer(815301076,1909f56bfc062723c751e8b465ee728b)
Start importing ProjectSettings/TagManager.asset using Guid(00000000000000003000000000000000) Importer(815301076,1909f56bfc062723c751e8b465ee728b)  -> (artifact id: '89d07ecdefdb3810c7105a23af5e2fa6') in 0.002041 seconds 
  Import took 0.005326 seconds .

========================================================================
Received Import Request.
  Time since last request: 158.360845 seconds.
  path: Assets/Oculus/SampleFramework/Usage/SharedAssets/Materials/ToyCubeMat.mat
  artifactKey: Guid(b63c152e975e0be45929851911662d79) Importer(815301076,1909f56bfc062723c751e8b465ee728b)
Start importing Assets/Oculus/SampleFramework/Usage/SharedAssets/Materials/ToyCubeMat.mat using Guid(b63c152e975e0be45929851911662d79) Importer(815301076,1909f56bfc062723c751e8b465ee728b)  -> (artifact id: 'f1afb0dad6a0de2769bffad433bbaecf') in 0.162440 seconds 
  Import took 0.166207 seconds .

========================================================================
Received Import Request.
  Time since last request: 0.000351 seconds.
  path: Assets/Oculus/SampleFramework/Usage/HandsTrainExample/Materials/WindmillMaterial.mat
  artifactKey: Guid(4f0bb7c7f0bfb2943bdce5930449225e) Importer(815301076,1909f56bfc062723c751e8b465ee728b)
Start importing Assets/Oculus/SampleFramework/Usage/HandsTrainExample/Materials/WindmillMaterial.mat using Guid(4f0bb7c7f0bfb2943bdce5930449225e) Importer(815301076,1909f56bfc062723c751e8b465ee728b)  -> (artifact id: 'fa8c33a95812fd8bef68dd7624fbbde3') in 0.142257 seconds 
  Import took 0.145782 seconds .

========================================================================
Received Import Request.
  Time since last request: 0.000228 seconds.
  path: Assets/Oculus/SampleFramework/Usage/Locomotion/Materials/TriPlanarWorld.mat
  artifactKey: Guid(6551c660b2c93764687b704adf6cb1dc) Importer(815301076,1909f56bfc062723c751e8b465ee728b)
Start importing Assets/Oculus/SampleFramework/Usage/Locomotion/Materials/TriPlanarWorld.mat using Guid(6551c660b2c93764687b704adf6cb1dc) Importer(815301076,1909f56bfc062723c751e8b465ee728b)  -> (artifact id: 'cd95c41d1ee715ef429e01c1e5109d52') in 0.128166 seconds 
  Import took 0.131372 seconds .

========================================================================
Received Import Request.
  Time since last request: 0.000304 seconds.
  path: Assets/Oculus/SampleFramework/Usage/DistanceGrab/Materials/ToyCubeWithOutline.mat
  artifactKey: Guid(99420f5a26a93487aa0ae70d73da8c34) Importer(815301076,1909f56bfc062723c751e8b465ee728b)
Start importing Assets/Oculus/SampleFramework/Usage/DistanceGrab/Materials/ToyCubeWithOutline.mat using Guid(99420f5a26a93487aa0ae70d73da8c34) Importer(815301076,1909f56bfc062723c751e8b465ee728b)  -> (artifact id: 'd6e50940fcc08e3693371b780378c2c3') in 0.007674 seconds 
  Import took 0.010874 seconds .

========================================================================
Received Import Request.
  Time since last request: 0.000339 seconds.
  path: Assets/Oculus/SampleFramework/Usage/SharedAssets/Materials/ToyCubeMat.mat
  artifactKey: Guid(b63c152e975e0be45929851911662d79) Importer(815301076,1909f56bfc062723c751e8b465ee728b)
Start importing Assets/Oculus/SampleFramework/Usage/SharedAssets/Materials/ToyCubeMat.mat using Guid(b63c152e975e0be45929851911662d79) Importer(815301076,1909f56bfc062723c751e8b465ee728b)  -> (artifact id: 'f1afb0dad6a0de2769bffad433bbaecf') in 0.006910 seconds 
  Import took 0.010440 seconds .

========================================================================
Received Import Request.
  Time since last request: 0.000397 seconds.
  path: Assets/Oculus/SampleFramework/Usage/DistanceGrab/Materials/TriangleCursorUntargeted.mat
  artifactKey: Guid(766bb65e1129a4712a168c459298b449) Importer(815301076,1909f56bfc062723c751e8b465ee728b)
Start importing Assets/Oculus/SampleFramework/Usage/DistanceGrab/Materials/TriangleCursorUntargeted.mat using Guid(766bb65e1129a4712a168c459298b449) Importer(815301076,1909f56bfc062723c751e8b465ee728b)  -> (artifact id: 'e446423dbd25f74e1ea0dc82ad631efc') in 0.029529 seconds 
  Import took 0.033929 seconds .

========================================================================
Received Import Request.
  Time since last request: 0.000416 seconds.
  path: Assets/Oculus/SampleFramework/Usage/SharedAssets/Materials/WoodBlock.mat
  artifactKey: Guid(163257dbf13bb9b4ebf2e088c4a50b1f) Importer(815301076,1909f56bfc062723c751e8b465ee728b)
Start importing Assets/Oculus/SampleFramework/Usage/SharedAssets/Materials/WoodBlock.mat using Guid(163257dbf13bb9b4ebf2e088c4a50b1f) Importer(815301076,1909f56bfc062723c751e8b465ee728b)  -> (artifact id: '796c5fe5ebdfe669026bff5acffc1f2c') in 0.243420 seconds 
  Import took 0.247117 seconds .

========================================================================
Received Import Request.
  Time since last request: 0.000388 seconds.
  path: Assets/Oculus/SampleFramework/Usage/OVROverlayCanvas/Materials/UI Default Correct.mat
  artifactKey: Guid(c303ccfd63b005d4bbdb8f0bbf9e834b) Importer(815301076,1909f56bfc062723c751e8b465ee728b)
Start importing Assets/Oculus/SampleFramework/Usage/OVROverlayCanvas/Materials/UI Default Correct.mat using Guid(c303ccfd63b005d4bbdb8f0bbf9e834b) Importer(815301076,1909f56bfc062723c751e8b465ee728b)  -> (artifact id: 'e0fd8b30ff866bef9dbe57989600af86') in 0.026496 seconds 
  Import took 0.029629 seconds .

========================================================================
Received Import Request.
  Time since last request: 0.000320 seconds.
  path: Assets/Oculus/SampleFramework/Usage/DistanceGrab/Materials/WoodBlockWithOutline.mat
  artifactKey: Guid(3a4cc84819795469da40d14888581e73) Importer(815301076,1909f56bfc062723c751e8b465ee728b)
Start importing Assets/Oculus/SampleFramework/Usage/DistanceGrab/Materials/WoodBlockWithOutline.mat using Guid(3a4cc84819795469da40d14888581e73) Importer(815301076,1909f56bfc062723c751e8b465ee728b)  -> (artifact id: '5c9e979c7fff9f9b8de41c8ceab54a2f') in 0.018150 seconds 
  Import took 0.021995 seconds .

========================================================================
Received Import Request.
  Time since last request: 0.000369 seconds.
  path: Assets/Oculus/SampleFramework/Usage/DistanceGrab/Materials/TriangleCursorTargeted.mat
  artifactKey: Guid(61ef159634e7b49fb88f64dfa954b0f5) Importer(815301076,1909f56bfc062723c751e8b465ee728b)
Start importing Assets/Oculus/SampleFramework/Usage/DistanceGrab/Materials/TriangleCursorTargeted.mat using Guid(61ef159634e7b49fb88f64dfa954b0f5) Importer(815301076,1909f56bfc062723c751e8b465ee728b)  -> (artifact id: 'a937c686742e6462cd9e4c9337fe1a6c') in 0.010174 seconds 
  Import took 0.014223 seconds .

========================================================================
Received Import Request.
  Time since last request: 0.026336 seconds.
  path: Assets/Oculus/SampleFramework/Usage/DistanceGrab/Materials/WoodBlockWithOutline.mat
  artifactKey: Guid(3a4cc84819795469da40d14888581e73) Importer(815301076,1909f56bfc062723c751e8b465ee728b)
Start importing Assets/Oculus/SampleFramework/Usage/DistanceGrab/Materials/WoodBlockWithOutline.mat using Guid(3a4cc84819795469da40d14888581e73) Importer(815301076,1909f56bfc062723c751e8b465ee728b)  -> (artifact id: '5c9e979c7fff9f9b8de41c8ceab54a2f') in 0.016114 seconds 
  Import took 0.020589 seconds .

========================================================================
Received Import Request.
  Time since last request: 43.112026 seconds.
  path: Assets/Crosshair.prefab
  artifactKey: Guid(4d643c823a4d4964bbb7e8064a848ab6) Importer(815301076,1909f56bfc062723c751e8b465ee728b)
Start importing Assets/Crosshair.prefab using Guid(4d643c823a4d4964bbb7e8064a848ab6) Importer(815301076,1909f56bfc062723c751e8b465ee728b)  -> (artifact id: '0d6664cbb28dc05a50a8ad1a8bebb547') in 0.018357 seconds 
  Import took 0.022830 seconds .

========================================================================
Received Prepare
Registering precompiled user dll's ...
Registered in 0.009907 seconds.
Begin MonoManager ReloadAssembly
Native extension for LinuxStandalone target not found
Native extension for WindowsStandalone target not found
Refreshing native plugins compatible for Editor in 0.81 ms, found 12 plugins.
Preloading 2 native plugins for Editor in 0.12 ms.
Mono: successfully reloaded assembly
- Completed reload, in  1.014 seconds
Platform modules already initialized, skipping
Switching build target platform(19) subTarget(0) extendedPlatform(0) -> platform(13) subTarget(524288) extendedPlatform(0)
Shader 'Oculus/OVRMRCameraFrameLit': fallback shader 'Alpha-Diffuse' not found
Refreshing native plugins compatible for Editor in 0.84 ms, found 12 plugins.
Preloading 2 native plugins for Editor in 0.12 ms.
Unloading 2320 Unused Serialized files (Serialized files now loaded: 0)
System memory in use before: 120.3 MB.
System memory in use after: 120.5 MB.

Unloading 42 unused Assets to reduce memory usage. Loaded Objects now: 2880.
Total: 2.229000 ms (FindLiveObjects: 0.227600 ms CreateObjectMapping: 0.079900 ms MarkObjects: 1.856000 ms  DeleteObjects: 0.064600 ms)

AssetImportParameters requested are different than current active one (requested -> active):
  custom:framework-win-MediaFoundation: 216162199b28c13a410421893ffa2e32 -> 
  custom:video-decoder-ogg-theora: a1e56fd34408186e4bbccfd4996cb3dc -> 
  custom:container-muxer-webm: aa71ff27fc2769a1b78a27578f13a17b -> 
  custom:container-demuxer-webm: 4f35f7cbe854078d1ac9338744f61a02 -> 
  custom:container-demuxer-ogg: 62fdf1f143b41e24485cea50d1cbac27 -> 
  custom:video-encoder-webm-vp8: eb34c28f22e8b96e1ab97ce403110664 -> 
  custom:video-decoder-webm-vp8: 9c59270c3fd7afecdb556c50c9e8de78 -> 
  custom:graphics/normal-map-encoding: 01000000000000000000000000000000 -> 02000000000000000000000000000000
  custom:audio-decoder-ogg-vorbis: bf7c407c2cedff20999df2af8eb42d56 -> 
  custom:audio-encoder-webm-vorbis: bf7c407c2cedff20999df2af8eb42d56 -> 
========================================================================
Received Prepare
Registering precompiled user dll's ...
Registered in 0.012265 seconds.
Begin MonoManager ReloadAssembly
Native extension for LinuxStandalone target not found
Native extension for WindowsStandalone target not found
Refreshing native plugins compatible for Editor in 0.86 ms, found 12 plugins.
Preloading 2 native plugins for Editor in 0.22 ms.
Mono: successfully reloaded assembly
- Completed reload, in  1.208 seconds
Platform modules already initialized, skipping
Switching build target platform(19) subTarget(0) extendedPlatform(0) -> platform(13) subTarget(524288) extendedPlatform(0)
Shader 'Oculus/OVRMRCameraFrameLit': fallback shader 'Alpha-Diffuse' not found
Refreshing native plugins compatible for Editor in 0.94 ms, found 12 plugins.
Preloading 2 native plugins for Editor in 0.14 ms.
Unloading 2320 Unused Serialized files (Serialized files now loaded: 0)
System memory in use before: 120.4 MB.
System memory in use after: 120.5 MB.

Unloading 40 unused Assets to reduce memory usage. Loaded Objects now: 2884.
Total: 2.463600 ms (FindLiveObjects: 0.200200 ms CreateObjectMapping: 0.083300 ms MarkObjects: 2.031100 ms  DeleteObjects: 0.148100 ms)

AssetImportParameters requested are different than current active one (requested -> active):
  custom:framework-win-MediaFoundation: 216162199b28c13a410421893ffa2e32 -> 
  custom:video-decoder-ogg-theora: a1e56fd34408186e4bbccfd4996cb3dc -> 
  custom:container-muxer-webm: aa71ff27fc2769a1b78a27578f13a17b -> 
  custom:container-demuxer-webm: 4f35f7cbe854078d1ac9338744f61a02 -> 
  custom:container-demuxer-ogg: 62fdf1f143b41e24485cea50d1cbac27 -> 
  custom:video-encoder-webm-vp8: eb34c28f22e8b96e1ab97ce403110664 -> 
  custom:video-decoder-webm-vp8: 9c59270c3fd7afecdb556c50c9e8de78 -> 
  custom:graphics/normal-map-encoding: 01000000000000000000000000000000 -> 02000000000000000000000000000000
  custom:audio-decoder-ogg-vorbis: bf7c407c2cedff20999df2af8eb42d56 -> 
  custom:audio-encoder-webm-vorbis: bf7c407c2cedff20999df2af8eb42d56 -> 
========================================================================
Received Prepare
Registering precompiled user dll's ...
Registered in 0.010030 seconds.
Begin MonoManager ReloadAssembly
Native extension for LinuxStandalone target not found
Native extension for WindowsStandalone target not found
Refreshing native plugins compatible for Editor in 0.97 ms, found 12 plugins.
Preloading 2 native plugins for Editor in 0.15 ms.
Mono: successfully reloaded assembly
- Completed reload, in  1.185 seconds
Platform modules already initialized, skipping
Switching build target platform(19) subTarget(0) extendedPlatform(0) -> platform(13) subTarget(524288) extendedPlatform(0)
Shader 'Oculus/OVRMRCameraFrameLit': fallback shader 'Alpha-Diffuse' not found
Refreshing native plugins compatible for Editor in 0.96 ms, found 12 plugins.
Preloading 2 native plugins for Editor in 0.15 ms.
Unloading 2320 Unused Serialized files (Serialized files now loaded: 0)
System memory in use before: 120.3 MB.
System memory in use after: 120.5 MB.

Unloading 40 unused Assets to reduce memory usage. Loaded Objects now: 2888.
Total: 2.719600 ms (FindLiveObjects: 0.243200 ms CreateObjectMapping: 0.107800 ms MarkObjects: 2.289200 ms  DeleteObjects: 0.078000 ms)

AssetImportParameters requested are different than current active one (requested -> active):
  custom:framework-win-MediaFoundation: 216162199b28c13a410421893ffa2e32 -> 
  custom:video-decoder-ogg-theora: a1e56fd34408186e4bbccfd4996cb3dc -> 
  custom:container-muxer-webm: aa71ff27fc2769a1b78a27578f13a17b -> 
  custom:container-demuxer-webm: 4f35f7cbe854078d1ac9338744f61a02 -> 
  custom:container-demuxer-ogg: 62fdf1f143b41e24485cea50d1cbac27 -> 
  custom:video-encoder-webm-vp8: eb34c28f22e8b96e1ab97ce403110664 -> 
  custom:video-decoder-webm-vp8: 9c59270c3fd7afecdb556c50c9e8de78 -> 
  custom:graphics/normal-map-encoding: 01000000000000000000000000000000 -> 02000000000000000000000000000000
  custom:audio-decoder-ogg-vorbis: bf7c407c2cedff20999df2af8eb42d56 -> 
  custom:audio-encoder-webm-vorbis: bf7c407c2cedff20999df2af8eb42d56 -> 
AssetImportWorkerClient::OnTransportError - code=2 error=End of file
