Using pre-set license
Built from '2020.3/staging' branch; Version is '2020.3.13f1 (71691879b7f5) revision 7432472'; Using compiler version '192528614'; Build Type 'Release'
OS: 'Windows 10 Pro; OS build 19042.1110; Version 2009; 64bit' Language: 'en' Physical Memory: 32198 MB
BatchMode: 1, IsHumanControllingUs: 0, StartBugReporterOnCrash: 0, Is64bit: 1, IsPro: 0

 COMMAND LINE ARGUMENTS:
C:\Program Files\Unity\Hub\Editor\2020.3.13f1\Editor\Unity.exe
-adb2
-batchMode
-noUpm
-name
AssetImportWorker2
-projectPath
C:/Users/Gage Somerville/Desktop/VRGame/VRStuff
-logFile
Logs/AssetImportWorker2.log
-srvPort
49957
Successfully changed project path to: C:/Users/Gage Somerville/Desktop/VRGame/VRStuff
C:/Users/Gage Somerville/Desktop/VRGame/VRStuff
Using Asset Import Pipeline V2.
Refreshing native plugins compatible for Editor in 202.51 ms, found 12 plugins.
Preloading 2 native plugins for Editor in 3.14 ms.
Initialize engine version: 2020.3.13f1 (71691879b7f5)
[Subsystems] Discovering subsystems at path C:/Program Files/Unity/Hub/Editor/2020.3.13f1/Editor/Data/Resources/UnitySubsystems
[Subsystems] Discovering subsystems at path C:/Users/Gage Somerville/Desktop/VRGame/VRStuff/Assets
GfxDevice: creating device client; threaded=0
Direct3D:
    Version:  Direct3D 11.0 [level 11.1]
    Renderer: NVIDIA Quadro T2000 (ID=0x1fb8)
    Vendor:   
    VRAM:     3962 MB
    Driver:   27.21.14.5266
Shader 'Oculus/OVRMRCameraFrameLit': fallback shader 'Alpha-Diffuse' not found
Initialize mono
Mono path[0] = 'C:/Program Files/Unity/Hub/Editor/2020.3.13f1/Editor/Data/Managed'
Mono path[1] = 'C:/Program Files/Unity/Hub/Editor/2020.3.13f1/Editor/Data/MonoBleedingEdge/lib/mono/unityjit'
Mono config path = 'C:/Program Files/Unity/Hub/Editor/2020.3.13f1/Editor/Data/MonoBleedingEdge/etc'
Using monoOptions --debugger-agent=transport=dt_socket,embedding=1,server=y,suspend=n,address=127.0.0.1:56040
Begin MonoManager ReloadAssembly
Registering precompiled unity dll's ...
Register platform support module: C:/Program Files/Unity/Hub/Editor/2020.3.13f1/Editor/Data/PlaybackEngines/WindowsStandaloneSupport/UnityEditor.WindowsStandalone.Extensions.dll
Registered in 0.004580 seconds.
Native extension for WindowsStandalone target not found
Refreshing native plugins compatible for Editor in 168.73 ms, found 12 plugins.
Preloading 2 native plugins for Editor in 0.31 ms.
Mono: successfully reloaded assembly
- Completed reload, in  4.183 seconds
Platform modules already initialized, skipping
Registering precompiled user dll's ...
Registered in 0.022064 seconds.
Begin MonoManager ReloadAssembly
Native extension for WindowsStandalone target not found
Refreshing native plugins compatible for Editor in 1.59 ms, found 12 plugins.
Preloading 2 native plugins for Editor in 0.28 ms.
[XR] OculusXRPlugin: registering subsystems
[XR] Unable to register display lifecyle provider: [1]
[XR] Oculus Input lifecycle provider registered.
[XR] Unable to register input lifecyle provider: [1]
[XR] OVRP version 1.61.0
Mono: successfully reloaded assembly
- Completed reload, in  4.161 seconds
Platform modules already initialized, skipping
========================================================================
Worker process is ready to serve import requests
Shader 'Oculus/OVRMRCameraFrameLit': fallback shader 'Alpha-Diffuse' not found
Launched and connected shader compiler UnityShaderCompiler.exe after 0.16 seconds
Refreshing native plugins compatible for Editor in 3.24 ms, found 12 plugins.
Preloading 2 native plugins for Editor in 0.48 ms.
Unloading 2415 Unused Serialized files (Serialized files now loaded: 0)
System memory in use before: 110.3 MB.
System memory in use after: 110.5 MB.

Unloading 45 unused Assets to reduce memory usage. Loaded Objects now: 2831.
Total: 5.472700 ms (FindLiveObjects: 0.497000 ms CreateObjectMapping: 0.231700 ms MarkObjects: 4.525800 ms  DeleteObjects: 0.216000 ms)

AssetImportParameters requested are different than current active one (requested -> active):
  custom:framework-win-MediaFoundation: 216162199b28c13a410421893ffa2e32 -> 
  custom:video-decoder-ogg-theora: a1e56fd34408186e4bbccfd4996cb3dc -> 
  custom:container-muxer-webm: aa71ff27fc2769a1b78a27578f13a17b -> 
  custom:container-demuxer-webm: 4f35f7cbe854078d1ac9338744f61a02 -> 
  custom:container-demuxer-ogg: 62fdf1f143b41e24485cea50d1cbac27 -> 
  custom:video-encoder-webm-vp8: eb34c28f22e8b96e1ab97ce403110664 -> 
  custom:video-decoder-webm-vp8: 9c59270c3fd7afecdb556c50c9e8de78 -> 
  custom:audio-decoder-ogg-vorbis: bf7c407c2cedff20999df2af8eb42d56 -> 
  custom:audio-encoder-webm-vorbis: bf7c407c2cedff20999df2af8eb42d56 -> 
========================================================================
Received Import Request.
  path: Assets/Texture/Grass.jpg
  artifactKey: Guid(a694b3e9300db024e997f5b9434646c0) Importer(815301076,1909f56bfc062723c751e8b465ee728b)
Start importing Assets/Texture/Grass.jpg using Guid(a694b3e9300db024e997f5b9434646c0) Importer(815301076,1909f56bfc062723c751e8b465ee728b)  -> (artifact id: 'eb5d9c1f4132bf3d8893ed566253898c') in 0.336470 seconds 
  Import took 0.344559 seconds .

========================================================================
Received Import Request.
  Time since last request: 0.166741 seconds.
  path: Assets/Texture
  artifactKey: Guid(5a8f708cb4b0d9c41aec9f6f27c25861) Importer(815301076,1909f56bfc062723c751e8b465ee728b)
Start importing Assets/Texture using Guid(5a8f708cb4b0d9c41aec9f6f27c25861) Importer(815301076,1909f56bfc062723c751e8b465ee728b)  -> (artifact id: 'f6b16e39c9e5192668becf2873ff6b9c') in 0.010746 seconds 
  Import took 0.017058 seconds .

========================================================================
Received Import Request.
  Time since last request: 11.127466 seconds.
  path: Assets/Texture/New Material.mat
  artifactKey: Guid(2d71cd024b540904a999e3a99a9ab69f) Importer(815301076,1909f56bfc062723c751e8b465ee728b)
Start importing Assets/Texture/New Material.mat using Guid(2d71cd024b540904a999e3a99a9ab69f) Importer(815301076,1909f56bfc062723c751e8b465ee728b)  -> (artifact id: 'c9929a9369accf04cacdf3aa5aea792b') in 0.061517 seconds 
  Import took 0.066276 seconds .

========================================================================
Received Import Request.
  Time since last request: 0.003181 seconds.
  path: Assets/Texture/New Material.mat
  artifactKey: Guid(2d71cd024b540904a999e3a99a9ab69f) Importer(815301076,1909f56bfc062723c751e8b465ee728b)
Start importing Assets/Texture/New Material.mat using Guid(2d71cd024b540904a999e3a99a9ab69f) Importer(815301076,1909f56bfc062723c751e8b465ee728b)  -> (artifact id: 'c9929a9369accf04cacdf3aa5aea792b') in 0.007708 seconds 
  Import took 0.011912 seconds .

========================================================================
Received Import Request.
  Time since last request: 296.082991 seconds.
  path: Assets/Texture/Grass.jpg
  artifactKey: Guid(a694b3e9300db024e997f5b9434646c0) Importer(815301076,1909f56bfc062723c751e8b465ee728b)
Start importing Assets/Texture/Grass.jpg using Guid(a694b3e9300db024e997f5b9434646c0) Importer(815301076,1909f56bfc062723c751e8b465ee728b)  -> (artifact id: '676e91325b9d96d7b7348603eac1ddb0') in 0.025974 seconds 
  Import took 0.031879 seconds .

========================================================================
Received Import Request.
  Time since last request: 4.880267 seconds.
  path: Assets/Texture/Materials
  artifactKey: Guid(71318dd9c62f3874fb9642cf1b9c54c3) Importer(815301076,1909f56bfc062723c751e8b465ee728b)
Start importing Assets/Texture/Materials using Guid(71318dd9c62f3874fb9642cf1b9c54c3) Importer(815301076,1909f56bfc062723c751e8b465ee728b)  -> (artifact id: 'baddb6d476d33fa407747cce31fdebdb') in 0.011393 seconds 
  Import took 0.018271 seconds .

========================================================================
Received Import Request.
  Time since last request: 0.478524 seconds.
  path: Assets/Texture/Materials/Grass.mat
  artifactKey: Guid(d6f2e5acb19353542815a77fd66f0539) Importer(815301076,1909f56bfc062723c751e8b465ee728b)
Start importing Assets/Texture/Materials/Grass.mat using Guid(d6f2e5acb19353542815a77fd66f0539) Importer(815301076,1909f56bfc062723c751e8b465ee728b)  -> (artifact id: '732363c0862b7d3bbe8e092c47811512') in 0.033341 seconds 
  Import took 0.041334 seconds .

========================================================================
Received Import Request.
  Time since last request: 93.368142 seconds.
  path: Assets/Texture/Grass.jpg
  artifactKey: Guid(a694b3e9300db024e997f5b9434646c0) Importer(815301076,1909f56bfc062723c751e8b465ee728b)
Start importing Assets/Texture/Grass.jpg using Guid(a694b3e9300db024e997f5b9434646c0) Importer(815301076,1909f56bfc062723c751e8b465ee728b)  -> (artifact id: '29a203af726f9771b975b67180b25676') in 0.022201 seconds 
  Import took 0.027450 seconds .

========================================================================
Received Import Request.
  Time since last request: 0.000801 seconds.
  path: Assets/Texture/Grass.jpg
  artifactKey: Guid(a694b3e9300db024e997f5b9434646c0) Importer(815301076,1909f56bfc062723c751e8b465ee728b)
Start importing Assets/Texture/Grass.jpg using Guid(a694b3e9300db024e997f5b9434646c0) Importer(815301076,1909f56bfc062723c751e8b465ee728b)  -> (artifact id: '29a203af726f9771b975b67180b25676') in 0.025883 seconds 
  Import took 0.030633 seconds .

========================================================================
Received Import Request.
  Time since last request: 165.114241 seconds.
  path: Assets/Texture/Grass.jpg
  artifactKey: Guid(a694b3e9300db024e997f5b9434646c0) Importer(815301076,1909f56bfc062723c751e8b465ee728b)
Start importing Assets/Texture/Grass.jpg using Guid(a694b3e9300db024e997f5b9434646c0) Importer(815301076,1909f56bfc062723c751e8b465ee728b)  -> (artifact id: 'a6fa00687b5825233832f1e5c50a8ded') in 0.024314 seconds 
  Import took 0.031217 seconds .

========================================================================
Received Import Request.
  Time since last request: 10.350119 seconds.
  path: Assets/Texture/Grass.jpg
  artifactKey: Guid(a694b3e9300db024e997f5b9434646c0) Importer(815301076,1909f56bfc062723c751e8b465ee728b)
Start importing Assets/Texture/Grass.jpg using Guid(a694b3e9300db024e997f5b9434646c0) Importer(815301076,1909f56bfc062723c751e8b465ee728b)  -> (artifact id: '170ccabd0f224497c2a9dc122af7a34e') in 0.025574 seconds 
  Import took 0.030235 seconds .

========================================================================
Received Import Request.
  Time since last request: 27.885649 seconds.
  path: Assets/Texture/Materials/Grass.mat
  artifactKey: Guid(d6f2e5acb19353542815a77fd66f0539) Importer(815301076,1909f56bfc062723c751e8b465ee728b)
Start importing Assets/Texture/Materials/Grass.mat using Guid(d6f2e5acb19353542815a77fd66f0539) Importer(815301076,1909f56bfc062723c751e8b465ee728b)  -> (artifact id: 'c520838497a0238411181dc2d0112a00') in 0.026099 seconds 
  Import took 0.033922 seconds .

========================================================================
Received Prepare
Registering precompiled user dll's ...
Registered in 0.007540 seconds.
Begin MonoManager ReloadAssembly
Native extension for WindowsStandalone target not found
Refreshing native plugins compatible for Editor in 0.89 ms, found 12 plugins.
Preloading 2 native plugins for Editor in 0.15 ms.
Mono: successfully reloaded assembly
- Completed reload, in  0.922 seconds
Platform modules already initialized, skipping
Switching build target platform(19) subTarget(0) extendedPlatform(0) -> platform(13) subTarget(524294) extendedPlatform(0)
Shader 'Oculus/OVRMRCameraFrameLit': fallback shader 'Alpha-Diffuse' not found
Refreshing native plugins compatible for Editor in 0.81 ms, found 12 plugins.
Preloading 2 native plugins for Editor in 0.10 ms.
Unloading 2324 Unused Serialized files (Serialized files now loaded: 0)
System memory in use before: 105.8 MB.
System memory in use after: 106.0 MB.

Unloading 40 unused Assets to reduce memory usage. Loaded Objects now: 2877.
Total: 2.394800 ms (FindLiveObjects: 0.222400 ms CreateObjectMapping: 0.080700 ms MarkObjects: 2.044800 ms  DeleteObjects: 0.046200 ms)

AssetImportParameters requested are different than current active one (requested -> active):
  custom:framework-win-MediaFoundation: 216162199b28c13a410421893ffa2e32 -> 
  custom:video-decoder-ogg-theora: a1e56fd34408186e4bbccfd4996cb3dc -> 
  custom:container-muxer-webm: aa71ff27fc2769a1b78a27578f13a17b -> 
  custom:container-demuxer-webm: 4f35f7cbe854078d1ac9338744f61a02 -> 
  custom:container-demuxer-ogg: 62fdf1f143b41e24485cea50d1cbac27 -> 
  custom:video-encoder-webm-vp8: eb34c28f22e8b96e1ab97ce403110664 -> 
  custom:video-decoder-webm-vp8: 9c59270c3fd7afecdb556c50c9e8de78 -> 
  custom:graphics/normal-map-encoding: 01000000000000000000000000000000 -> 02000000000000000000000000000000
  custom:audio-decoder-ogg-vorbis: bf7c407c2cedff20999df2af8eb42d56 -> 
  custom:audio-encoder-webm-vorbis: bf7c407c2cedff20999df2af8eb42d56 -> 
========================================================================
Received Import Request.
  Time since last request: 517.151192 seconds.
  path: Assets/Externals/simple_low_poly_village_buildings/textures/farms.tga
  artifactKey: Guid(39d49bf65bdc2d240b6298e0bd38703c) Importer(815301076,1909f56bfc062723c751e8b465ee728b)
Start importing Assets/Externals/simple_low_poly_village_buildings/textures/farms.tga using Guid(39d49bf65bdc2d240b6298e0bd38703c) Importer(815301076,1909f56bfc062723c751e8b465ee728b)  -> (artifact id: '31262315dd427b9c7a511d58e33de369') in 0.046416 seconds 
  Import took 0.051130 seconds .

========================================================================
Received Import Request.
  Time since last request: 0.000375 seconds.
  path: Assets/Externals/simple_low_poly_village_buildings/textures/towers.tga
  artifactKey: Guid(afca6969a3148ab4a8816f95f2d9092c) Importer(815301076,1909f56bfc062723c751e8b465ee728b)
Start importing Assets/Externals/simple_low_poly_village_buildings/textures/towers.tga using Guid(afca6969a3148ab4a8816f95f2d9092c) Importer(815301076,1909f56bfc062723c751e8b465ee728b)  -> (artifact id: 'e9a710d0cf88584d986170f55e4bfac2') in 0.019412 seconds 
  Import took 0.023720 seconds .

========================================================================
Received Import Request.
  Time since last request: 0.000366 seconds.
  path: Assets/Externals/simple_low_poly_village_buildings/textures/houses.tga
  artifactKey: Guid(06421763ef165f748818fe3108a60c56) Importer(815301076,1909f56bfc062723c751e8b465ee728b)
Start importing Assets/Externals/simple_low_poly_village_buildings/textures/houses.tga using Guid(06421763ef165f748818fe3108a60c56) Importer(815301076,1909f56bfc062723c751e8b465ee728b)  -> (artifact id: '337c850d800560ca4d7fd404dc6ac929') in 0.022171 seconds 
  Import took 0.027636 seconds .

========================================================================
Received Import Request.
  Time since last request: 1593.507039 seconds.
  path: Assets/Externals/Wild West Western/Models/Diamond.fbx
  artifactKey: Guid(6dbd83fcc84994949a1baf3b64d7ed08) Importer(815301076,1909f56bfc062723c751e8b465ee728b)
Start importing Assets/Externals/Wild West Western/Models/Diamond.fbx using Guid(6dbd83fcc84994949a1baf3b64d7ed08) Importer(815301076,1909f56bfc062723c751e8b465ee728b)  -> (artifact id: '1953e51ecbe498d023cdc416c3b02457') in 0.124823 seconds 
  Import took 0.131953 seconds .

========================================================================
Received Import Request.
  Time since last request: 0.000358 seconds.
  path: Assets/Nokobot/Modern Guns - Handgun/Meshes/M1911 Handgun.fbx
  artifactKey: Guid(3d87184bf4725b841b26693d2234fffd) Importer(815301076,1909f56bfc062723c751e8b465ee728b)
Start importing Assets/Nokobot/Modern Guns - Handgun/Meshes/M1911 Handgun.fbx using Guid(3d87184bf4725b841b26693d2234fffd) Importer(815301076,1909f56bfc062723c751e8b465ee728b)  -> (artifact id: 'ac5a47be867e02628e30448eecb60221') in 0.574958 seconds 
  Import took 0.579122 seconds .

========================================================================
Received Import Request.
  Time since last request: 0.000483 seconds.
  path: Assets/Oculus/LipSync/Models/RobotHead_TextureFlip/RobotHead_TextureFlip.FBX
  artifactKey: Guid(f82b1e3c015abaa409d91ab8eb628ac4) Importer(815301076,1909f56bfc062723c751e8b465ee728b)
Start importing Assets/Oculus/LipSync/Models/RobotHead_TextureFlip/RobotHead_TextureFlip.FBX using Guid(f82b1e3c015abaa409d91ab8eb628ac4) Importer(815301076,1909f56bfc062723c751e8b465ee728b)  -> (artifact id: '605012a9771029cc7d4e2fc3cd03472f') in 0.417120 seconds 
  Import took 0.423374 seconds .

========================================================================
Received Import Request.
  Time since last request: 0.000528 seconds.
  path: Assets/Oculus/SampleFramework/Usage/SharedAssets/Models/door_01.fbx
  artifactKey: Guid(1abf38d82ed5948a6a28aad10d61b678) Importer(815301076,1909f56bfc062723c751e8b465ee728b)
Start importing Assets/Oculus/SampleFramework/Usage/SharedAssets/Models/door_01.fbx using Guid(1abf38d82ed5948a6a28aad10d61b678) Importer(815301076,1909f56bfc062723c751e8b465ee728b)  -> (artifact id: 'd838f1a20f4746ab98e0cd76ba29f258') in 0.166797 seconds 
  Import took 0.178194 seconds .

========================================================================
Received Import Request.
  Time since last request: 0.000488 seconds.
  path: Assets/Externals/Wild West Western/Models/Grave_01.fbx
  artifactKey: Guid(40e2902034948fe4f8123d4f1ecb6c4a) Importer(815301076,1909f56bfc062723c751e8b465ee728b)
Start importing Assets/Externals/Wild West Western/Models/Grave_01.fbx using Guid(40e2902034948fe4f8123d4f1ecb6c4a) Importer(815301076,1909f56bfc062723c751e8b465ee728b)  -> (artifact id: 'a0a99fb2b9de70136d29da9b019ba337') in 0.063009 seconds 
  Import took 0.072166 seconds .

========================================================================
Received Import Request.
  Time since last request: 0.000297 seconds.
  path: Assets/Oculus/LipSync/Models/FemaleHead_Morph/Female.fbx
  artifactKey: Guid(cbaf1c32e7ec84f10a51be1b09c0ef46) Importer(815301076,1909f56bfc062723c751e8b465ee728b)
Start importing Assets/Oculus/LipSync/Models/FemaleHead_Morph/Female.fbx using Guid(cbaf1c32e7ec84f10a51be1b09c0ef46) Importer(815301076,1909f56bfc062723c751e8b465ee728b)  -> (artifact id: '4dc80436da3946b848354a58c10ddc51') in 1.134443 seconds 
  Import took 1.141577 seconds .

========================================================================
Received Import Request.
  Time since last request: 0.000531 seconds.
  path: Assets/Oculus/SampleFramework/Core/CustomHands/Models/l_hand_skeletal_lowres.fbx
  artifactKey: Guid(ca20b3907ff1c794cb89c1ad2cce8282) Importer(815301076,1909f56bfc062723c751e8b465ee728b)
Start importing Assets/Oculus/SampleFramework/Core/CustomHands/Models/l_hand_skeletal_lowres.fbx using Guid(ca20b3907ff1c794cb89c1ad2cce8282) Importer(815301076,1909f56bfc062723c751e8b465ee728b)  -> (artifact id: 'd443dbd30625c7f22e09787c58a9bcf2') in 0.064085 seconds 
  Import took 0.070749 seconds .

========================================================================
Received Import Request.
  Time since last request: 0.000545 seconds.
  path: Assets/Oculus/SampleFramework/Usage/Locomotion/Models/WorldGeo.fbx
  artifactKey: Guid(fb9ba08c9d86b5a409b5fe2eb4f02f5a) Importer(815301076,1909f56bfc062723c751e8b465ee728b)
Start importing Assets/Oculus/SampleFramework/Usage/Locomotion/Models/WorldGeo.fbx using Guid(fb9ba08c9d86b5a409b5fe2eb4f02f5a) Importer(815301076,1909f56bfc062723c751e8b465ee728b)  -> (artifact id: '162f2e650d7a9350fe0b2c7b1da35143') in 0.296108 seconds 
  Import took 0.303607 seconds .

========================================================================
Received Import Request.
  Time since last request: 0.000483 seconds.
  path: Assets/Oculus/SampleFramework/Core/CustomHands/Models/r_hand_skeletal_lowres.fbx
  artifactKey: Guid(d0c255d07fd68f14b94e55d388e7e6bb) Importer(815301076,1909f56bfc062723c751e8b465ee728b)
Start importing Assets/Oculus/SampleFramework/Core/CustomHands/Models/r_hand_skeletal_lowres.fbx using Guid(d0c255d07fd68f14b94e55d388e7e6bb) Importer(815301076,1909f56bfc062723c751e8b465ee728b)  -> (artifact id: '48fa5601973a51ddea2aa82935dac048') in 0.053092 seconds 
  Import took 0.059326 seconds .

========================================================================
Received Import Request.
  Time since last request: 0.000305 seconds.
  path: Assets/Externals/Wild West Western/Models/Hay.fbx
  artifactKey: Guid(964e2721afd4f244da5c39085c3bcef8) Importer(815301076,1909f56bfc062723c751e8b465ee728b)
Start importing Assets/Externals/Wild West Western/Models/Hay.fbx using Guid(964e2721afd4f244da5c39085c3bcef8) Importer(815301076,1909f56bfc062723c751e8b465ee728b)  -> (artifact id: '65f6cbd7355303017b86d96e0291d305') in 0.042937 seconds 
  Import took 0.047098 seconds .

========================================================================
Received Import Request.
  Time since last request: 0.000308 seconds.
  path: Assets/Externals/Wild West Western/Models/Fence_Cmentary_02.fbx
  artifactKey: Guid(337d33f0ba312eb4d88c4d0bb4022636) Importer(815301076,1909f56bfc062723c751e8b465ee728b)
Start importing Assets/Externals/Wild West Western/Models/Fence_Cmentary_02.fbx using Guid(337d33f0ba312eb4d88c4d0bb4022636) Importer(815301076,1909f56bfc062723c751e8b465ee728b)  -> (artifact id: '3ffe7e1cfcbf65273e967fa1f115ef06') in 0.042212 seconds 
  Import took 0.046874 seconds .

========================================================================
Received Import Request.
  Time since last request: 0.000296 seconds.
  path: Assets/Oculus/SampleFramework/Usage/Locomotion/Models/GroundSection02.fbx
  artifactKey: Guid(01c7510ddb875423c92d04adea8f80e0) Importer(815301076,1909f56bfc062723c751e8b465ee728b)
Start importing Assets/Oculus/SampleFramework/Usage/Locomotion/Models/GroundSection02.fbx using Guid(01c7510ddb875423c92d04adea8f80e0) Importer(815301076,1909f56bfc062723c751e8b465ee728b)  -> (artifact id: '49c1fed0ba27d19a2aab865b71fcd211') in 1.120216 seconds 
  Import took 1.128504 seconds .

========================================================================
Received Import Request.
  Time since last request: 0.000246 seconds.
  path: Assets/Externals/Wild West Western/Models/Diamond.fbx
  artifactKey: Guid(6dbd83fcc84994949a1baf3b64d7ed08) Importer(815301076,1909f56bfc062723c751e8b465ee728b)
Start importing Assets/Externals/Wild West Western/Models/Diamond.fbx using Guid(6dbd83fcc84994949a1baf3b64d7ed08) Importer(815301076,1909f56bfc062723c751e8b465ee728b)  -> (artifact id: '1953e51ecbe498d023cdc416c3b02457') in 0.025083 seconds 
  Import took 0.032200 seconds .

========================================================================
Received Import Request.
  Time since last request: 0.000638 seconds.
  path: Assets/Oculus/SampleFramework/Usage/Locomotion/Models/GroundSection01.fbx
  artifactKey: Guid(3b3b1c9d534014038a8a08e1d286b9f4) Importer(815301076,1909f56bfc062723c751e8b465ee728b)
Start importing Assets/Oculus/SampleFramework/Usage/Locomotion/Models/GroundSection01.fbx using Guid(3b3b1c9d534014038a8a08e1d286b9f4) Importer(815301076,1909f56bfc062723c751e8b465ee728b)  -> (artifact id: 'd4670bbda17966d674fad40f6dfd4de7') in 0.540498 seconds 
  Import took 0.546764 seconds .

========================================================================
Received Import Request.
  Time since last request: 0.000463 seconds.
  path: Assets/Externals/Wild West Western/Models/Fence_Cmentary_04.fbx
  artifactKey: Guid(c64d25d8a9f1949479ddd6f665248282) Importer(815301076,1909f56bfc062723c751e8b465ee728b)
Start importing Assets/Externals/Wild West Western/Models/Fence_Cmentary_04.fbx using Guid(c64d25d8a9f1949479ddd6f665248282) Importer(815301076,1909f56bfc062723c751e8b465ee728b)  -> (artifact id: '35ee41f5d9aff5f417c495ac15d20d41') in 0.046831 seconds 
  Import took 0.052333 seconds .

========================================================================
Received Import Request.
  Time since last request: 0.000528 seconds.
  path: Assets/Externals/Wild West Western/Models/Fence_Cmentary_03.fbx
  artifactKey: Guid(638d8b240012a3847a1c542a063a6594) Importer(815301076,1909f56bfc062723c751e8b465ee728b)
Start importing Assets/Externals/Wild West Western/Models/Fence_Cmentary_03.fbx using Guid(638d8b240012a3847a1c542a063a6594) Importer(815301076,1909f56bfc062723c751e8b465ee728b)  -> (artifact id: '86e2ea3c84c8bf6c555afaca41839937') in 0.041373 seconds 
  Import took 0.047118 seconds .

========================================================================
Received Import Request.
  Time since last request: 0.000548 seconds.
  path: Assets/Oculus/SampleFramework/Core/DistanceGrab/Mesh/GrabConeVolume.asset
  artifactKey: Guid(fcd019dc7c1f92140963033f1669ec2f) Importer(815301076,1909f56bfc062723c751e8b465ee728b)
Start importing Assets/Oculus/SampleFramework/Core/DistanceGrab/Mesh/GrabConeVolume.asset using Guid(fcd019dc7c1f92140963033f1669ec2f) Importer(815301076,1909f56bfc062723c751e8b465ee728b)  -> (artifact id: 'c0b82a60fdb83a998df4cab8e5b94f5c') in 0.038256 seconds 
  Import took 0.045699 seconds .

========================================================================
Received Import Request.
  Time since last request: 0.000505 seconds.
  path: Assets/Externals/Wild West Western/Models/Grave_02.fbx
  artifactKey: Guid(d73eca9c701133a4f9cd2e5212dd311c) Importer(815301076,1909f56bfc062723c751e8b465ee728b)
Start importing Assets/Externals/Wild West Western/Models/Grave_02.fbx using Guid(d73eca9c701133a4f9cd2e5212dd311c) Importer(815301076,1909f56bfc062723c751e8b465ee728b)  -> (artifact id: '97e064a8152a9c13c9f6b5604cc37d3d') in 0.059273 seconds 
  Import took 0.067321 seconds .

========================================================================
Received Import Request.
  Time since last request: 0.000469 seconds.
  path: Assets/Externals/Wild West Western/Models/Gate.fbx
  artifactKey: Guid(e69f6c0159177144a92cee3aeb10584b) Importer(815301076,1909f56bfc062723c751e8b465ee728b)
Start importing Assets/Externals/Wild West Western/Models/Gate.fbx using Guid(e69f6c0159177144a92cee3aeb10584b) Importer(815301076,1909f56bfc062723c751e8b465ee728b)  -> (artifact id: 'ed801acba721e89506c78e7ac5f96177') in 0.050712 seconds 
  Import took 0.056678 seconds .

========================================================================
Received Import Request.
  Time since last request: 0.000323 seconds.
  path: Assets/Externals/Wild West Western/Models/Fence_02.fbx
  artifactKey: Guid(1c16738f7e514c546888ad4d6a42d795) Importer(815301076,1909f56bfc062723c751e8b465ee728b)
Start importing Assets/Externals/Wild West Western/Models/Fence_02.fbx using Guid(1c16738f7e514c546888ad4d6a42d795) Importer(815301076,1909f56bfc062723c751e8b465ee728b)  -> (artifact id: '57196acd82c91b75afc6e541b5c8a122') in 0.056853 seconds 
  Import took 0.061900 seconds .

========================================================================
Received Import Request.
  Time since last request: 0.000356 seconds.
  path: Assets/Oculus/SampleFramework/Usage/SharedAssets/Models/doorframe_01.fbx
  artifactKey: Guid(0c7bd497493fc42dd99a9a6f1a4342cd) Importer(815301076,1909f56bfc062723c751e8b465ee728b)
Start importing Assets/Oculus/SampleFramework/Usage/SharedAssets/Models/doorframe_01.fbx using Guid(0c7bd497493fc42dd99a9a6f1a4342cd) Importer(815301076,1909f56bfc062723c751e8b465ee728b)  -> (artifact id: 'dd2b0145af60fcbaec53778eefda27a4') in 0.095809 seconds 
  Import took 0.101095 seconds .

========================================================================
Received Import Request.
  Time since last request: 0.000240 seconds.
  path: Assets/Oculus/SampleFramework/Usage/HandsTrainExample/Models/TrainPalette.FBX
  artifactKey: Guid(bd0bb729cb6159b4ab21c5f62cad24ee) Importer(815301076,1909f56bfc062723c751e8b465ee728b)
Start importing Assets/Oculus/SampleFramework/Usage/HandsTrainExample/Models/TrainPalette.FBX using Guid(bd0bb729cb6159b4ab21c5f62cad24ee) Importer(815301076,1909f56bfc062723c751e8b465ee728b)  -> (artifact id: '363955c39e672399a02072c7a6a097b0') in 1.135309 seconds 
  Import took 1.146507 seconds .

========================================================================
Received Import Request.
  Time since last request: 0.000523 seconds.
  path: Assets/Externals/Wild West Western/Models/Fence_01.fbx
  artifactKey: Guid(0a33bac1074a2a945b55ab00d20b84a6) Importer(815301076,1909f56bfc062723c751e8b465ee728b)
Start importing Assets/Externals/Wild West Western/Models/Fence_01.fbx using Guid(0a33bac1074a2a945b55ab00d20b84a6) Importer(815301076,1909f56bfc062723c751e8b465ee728b)  -> (artifact id: '6e7e5d5ecb8edc7dc25ecc090c79e57c') in 0.051365 seconds 
  Import took 0.059252 seconds .

========================================================================
Received Import Request.
  Time since last request: 0.000485 seconds.
  path: Assets/Externals/Wild West Western/Models/Safe.fbx
  artifactKey: Guid(ab145c8d99fa67f47b7793559e7a5522) Importer(815301076,1909f56bfc062723c751e8b465ee728b)
Start importing Assets/Externals/Wild West Western/Models/Safe.fbx using Guid(ab145c8d99fa67f47b7793559e7a5522) Importer(815301076,1909f56bfc062723c751e8b465ee728b)  -> (artifact id: '2e37aada02506618715da181b3446cd4') in 0.050519 seconds 
  Import took 0.056232 seconds .

========================================================================
Received Import Request.
  Time since last request: 0.000264 seconds.
  path: Assets/Externals/Wild West Western/Models/Fence_03.fbx
  artifactKey: Guid(5b0eadc2bdcb76740a40d9270b7cf83d) Importer(815301076,1909f56bfc062723c751e8b465ee728b)
Start importing Assets/Externals/Wild West Western/Models/Fence_03.fbx using Guid(5b0eadc2bdcb76740a40d9270b7cf83d) Importer(815301076,1909f56bfc062723c751e8b465ee728b)  -> (artifact id: 'f97256cf1e85ba8bf0f1b0dc67d7b651') in 0.028405 seconds 
  Import took 0.033041 seconds .

========================================================================
Received Import Request.
  Time since last request: 0.000253 seconds.
  path: Assets/Externals/Wild West Western/Models/Cactus_04.fbx
  artifactKey: Guid(af199f7467eb2a246a98761dd2a5914d) Importer(815301076,1909f56bfc062723c751e8b465ee728b)
Start importing Assets/Externals/Wild West Western/Models/Cactus_04.fbx using Guid(af199f7467eb2a246a98761dd2a5914d) Importer(815301076,1909f56bfc062723c751e8b465ee728b)  -> (artifact id: 'b59941bb8d7e05e50a25fdebb276e8c2') in 0.079901 seconds 
  Import took 0.085228 seconds .

========================================================================
Received Import Request.
  Time since last request: 0.000344 seconds.
  path: Assets/Externals/Wild West Western/Models/Barn_01.fbx
  artifactKey: Guid(d09fa7fae47ed4249a28930813922c9a) Importer(815301076,1909f56bfc062723c751e8b465ee728b)
Start importing Assets/Externals/Wild West Western/Models/Barn_01.fbx using Guid(d09fa7fae47ed4249a28930813922c9a) Importer(815301076,1909f56bfc062723c751e8b465ee728b)  -> (artifact id: 'c1acb79e44d8bfa4b1ef185d930fec18') in 0.073795 seconds 
  Import took 0.080903 seconds .

========================================================================
Received Import Request.
  Time since last request: 0.000482 seconds.
  path: Assets/Nokobot/Modern Guns - Handgun/Meshes/M1911 Magazine.fbx
  artifactKey: Guid(40ea87bfb6dc64349a6b3363f1955b6a) Importer(815301076,1909f56bfc062723c751e8b465ee728b)
Start importing Assets/Nokobot/Modern Guns - Handgun/Meshes/M1911 Magazine.fbx using Guid(40ea87bfb6dc64349a6b3363f1955b6a) Importer(815301076,1909f56bfc062723c751e8b465ee728b)  -> (artifact id: '07a7a081c2a9aa0b612e0eaaed76fcfe') in 0.142313 seconds 
  Import took 0.149808 seconds .

========================================================================
Received Import Request.
  Time since last request: 0.000493 seconds.
  path: Assets/Externals/Wild West Western/Models/Fence_Cmentary_01.fbx
  artifactKey: Guid(d619e4a4a61ce85459c94689f99495e3) Importer(815301076,1909f56bfc062723c751e8b465ee728b)
Start importing Assets/Externals/Wild West Western/Models/Fence_Cmentary_01.fbx using Guid(d619e4a4a61ce85459c94689f99495e3) Importer(815301076,1909f56bfc062723c751e8b465ee728b)  -> (artifact id: 'f501092188803381ea332bdafe55c9df') in 0.057542 seconds 
  Import took 0.064531 seconds .

========================================================================
Received Import Request.
  Time since last request: 0.000390 seconds.
  path: Assets/Oculus/SampleFramework/Usage/HandsTrainExample/Models/ControllerBox.FBX
  artifactKey: Guid(6ea491f82329b774d8b8af4a409d8d03) Importer(815301076,1909f56bfc062723c751e8b465ee728b)
Start importing Assets/Oculus/SampleFramework/Usage/HandsTrainExample/Models/ControllerBox.FBX using Guid(6ea491f82329b774d8b8af4a409d8d03) Importer(815301076,1909f56bfc062723c751e8b465ee728b)  -> (artifact id: '0bdaf32c0447e11416858ccf8cbc833d') in 0.338083 seconds 
  Import took 0.346060 seconds .

========================================================================
Received Import Request.
  Time since last request: 0.000490 seconds.
  path: Assets/Oculus/SampleFramework/Core/CustomHands/GrabConeVolume.asset
  artifactKey: Guid(687d21fc72e51324cbb1c3078c72718e) Importer(815301076,1909f56bfc062723c751e8b465ee728b)
Start importing Assets/Oculus/SampleFramework/Core/CustomHands/GrabConeVolume.asset using Guid(687d21fc72e51324cbb1c3078c72718e) Importer(815301076,1909f56bfc062723c751e8b465ee728b)  -> (artifact id: '04aba1b48fc66ef3326215df66f303cd') in 0.016851 seconds 
  Import took 0.025765 seconds .

========================================================================
Received Import Request.
  Time since last request: 27.579406 seconds.
  path: Assets/Oculus/Spatializer/scenes/Standard Assets/Character Controllers/Sources/PrototypeCharacter/Constructor.FBX
  artifactKey: Guid(449b48f7eb5d87a4baaa5fb73f875a59) Importer(815301076,1909f56bfc062723c751e8b465ee728b)
Start importing Assets/Oculus/Spatializer/scenes/Standard Assets/Character Controllers/Sources/PrototypeCharacter/Constructor.FBX using Guid(449b48f7eb5d87a4baaa5fb73f875a59) Importer(815301076,1909f56bfc062723c751e8b465ee728b)  -> (artifact id: '1bcf2fea1faec4a58822970eaeb5b32f') in 0.266842 seconds 
  Import took 0.275754 seconds .

========================================================================
Received Import Request.
  Time since last request: 38.085814 seconds.
  path: Assets/Externals/Wild West Western/Models/House_Standard_01.fbx
  artifactKey: Guid(558a10379b25fdb4eb58a073571fd21d) Importer(815301076,1909f56bfc062723c751e8b465ee728b)
Start importing Assets/Externals/Wild West Western/Models/House_Standard_01.fbx using Guid(558a10379b25fdb4eb58a073571fd21d) Importer(815301076,1909f56bfc062723c751e8b465ee728b)  -> (artifact id: 'bce0a7f91ff1be2c952679c6157e6e61') in 0.053076 seconds 
  Import took 0.057537 seconds .

========================================================================
Received Import Request.
  Time since last request: 0.000387 seconds.
  path: Assets/Oculus/VR/Meshes/OculusTouchForQuest2/OculusTouchForQuest2_Left.fbx
  artifactKey: Guid(8b83018900d13bb4f8e0ad895cb004e5) Importer(815301076,1909f56bfc062723c751e8b465ee728b)
Start importing Assets/Oculus/VR/Meshes/OculusTouchForQuest2/OculusTouchForQuest2_Left.fbx using Guid(8b83018900d13bb4f8e0ad895cb004e5) Importer(815301076,1909f56bfc062723c751e8b465ee728b)  -> (artifact id: 'fa4e6dc43f1bab175752cdfff30de4ca') in 0.164565 seconds 
  Import took 0.169544 seconds .

========================================================================
Received Import Request.
  Time since last request: 0.000270 seconds.
  path: Assets/Oculus/SampleFramework/Core/TouchControllers/Models/left_touch_controller_model_skel.fbx
  artifactKey: Guid(1bf8f52eeebe8e149b9d6e3477251532) Importer(815301076,1909f56bfc062723c751e8b465ee728b)
Start importing Assets/Oculus/SampleFramework/Core/TouchControllers/Models/left_touch_controller_model_skel.fbx using Guid(1bf8f52eeebe8e149b9d6e3477251532) Importer(815301076,1909f56bfc062723c751e8b465ee728b)  -> (artifact id: '3d6d6bdb26b4623bef47c41eb8d82c36') in 0.092184 seconds 
  Import took 0.096558 seconds .

========================================================================
Received Import Request.
  Time since last request: 0.000322 seconds.
  path: Assets/Oculus/VR/Meshes/HandTracking/OculusHand_L.fbx
  artifactKey: Guid(442d5b4503ed83c4897ef44659446587) Importer(815301076,1909f56bfc062723c751e8b465ee728b)
Start importing Assets/Oculus/VR/Meshes/HandTracking/OculusHand_L.fbx using Guid(442d5b4503ed83c4897ef44659446587) Importer(815301076,1909f56bfc062723c751e8b465ee728b)  -> (artifact id: '15637b394ad85058f0f3f23258359160') in 0.038066 seconds 
  Import took 0.042848 seconds .

========================================================================
Received Import Request.
  Time since last request: 0.000265 seconds.
  path: Assets/Externals/Wild West Western/Models/House_Standard_04.fbx
  artifactKey: Guid(785aa00fbd71627418b6de3e5d8b0914) Importer(815301076,1909f56bfc062723c751e8b465ee728b)
Start importing Assets/Externals/Wild West Western/Models/House_Standard_04.fbx using Guid(785aa00fbd71627418b6de3e5d8b0914) Importer(815301076,1909f56bfc062723c751e8b465ee728b)  -> (artifact id: '449b92c3c3c8f2255bed272dbcef593c') in 0.050939 seconds 
  Import took 0.055699 seconds .

========================================================================
Received Import Request.
  Time since last request: 0.000309 seconds.
  path: Assets/Externals/Wild West Western/Models/House_Standard_01.fbx
  artifactKey: Guid(558a10379b25fdb4eb58a073571fd21d) Importer(815301076,1909f56bfc062723c751e8b465ee728b)
Start importing Assets/Externals/Wild West Western/Models/House_Standard_01.fbx using Guid(558a10379b25fdb4eb58a073571fd21d) Importer(815301076,1909f56bfc062723c751e8b465ee728b)  -> (artifact id: 'bce0a7f91ff1be2c952679c6157e6e61') in 0.028634 seconds 
  Import took 0.033474 seconds .

========================================================================
Received Import Request.
  Time since last request: 0.000298 seconds.
  path: Assets/Externals/Wild West Western/Models/House_Standard_02.fbx
  artifactKey: Guid(2317b0c733b0c584f82e86d22697b6c3) Importer(815301076,1909f56bfc062723c751e8b465ee728b)
Start importing Assets/Externals/Wild West Western/Models/House_Standard_02.fbx using Guid(2317b0c733b0c584f82e86d22697b6c3) Importer(815301076,1909f56bfc062723c751e8b465ee728b)  -> (artifact id: 'c28fbe4c2ed357dd6d98e1604ffcdc58') in 0.053606 seconds 
  Import took 0.058492 seconds .

========================================================================
Received Import Request.
  Time since last request: 0.000324 seconds.
  path: Assets/Externals/Wild West Western/Models/House_Standard_03.fbx
  artifactKey: Guid(1c366a597c3385a46a08ecccb24c45b6) Importer(815301076,1909f56bfc062723c751e8b465ee728b)
Start importing Assets/Externals/Wild West Western/Models/House_Standard_03.fbx using Guid(1c366a597c3385a46a08ecccb24c45b6) Importer(815301076,1909f56bfc062723c751e8b465ee728b)  -> (artifact id: '832390c5f891fdbbc92df4e54887e25f') in 0.040174 seconds 
  Import took 0.044768 seconds .

========================================================================
Received Import Request.
  Time since last request: 0.000270 seconds.
  path: Assets/Oculus/VR/Meshes/OculusTouchForQuestAndRiftS/OculusTouchForQuestAndRiftS_Left.fbx
  artifactKey: Guid(32fbc8bcebb64584da5868aeeb086cda) Importer(815301076,1909f56bfc062723c751e8b465ee728b)
Start importing Assets/Oculus/VR/Meshes/OculusTouchForQuestAndRiftS/OculusTouchForQuestAndRiftS_Left.fbx using Guid(32fbc8bcebb64584da5868aeeb086cda) Importer(815301076,1909f56bfc062723c751e8b465ee728b)  -> (artifact id: 'ab72df7236efbb4ed95b95cf091056f3') in 0.099350 seconds 
  Import took 0.103571 seconds .

========================================================================
Received Import Request.
  Time since last request: 0.003394 seconds.
  path: Assets/Oculus/VR/Meshes/OculusTouchForQuestAndRiftS/OculusTouchForQuestAndRiftS_Left.fbx
  artifactKey: Guid(32fbc8bcebb64584da5868aeeb086cda) Importer(815301076,1909f56bfc062723c751e8b465ee728b)
Start importing Assets/Oculus/VR/Meshes/OculusTouchForQuestAndRiftS/OculusTouchForQuestAndRiftS_Left.fbx using Guid(32fbc8bcebb64584da5868aeeb086cda) Importer(815301076,1909f56bfc062723c751e8b465ee728b)  -> (artifact id: 'ab72df7236efbb4ed95b95cf091056f3') in 0.088914 seconds 
  Import took 0.094032 seconds .

========================================================================
Received Import Request.
  Time since last request: 2.152495 seconds.
  path: Assets/Externals/Wild West Western/Models/Chapel.fbx
  artifactKey: Guid(5c1542ad9b39d2248b66b8671bd5e0a8) Importer(815301076,1909f56bfc062723c751e8b465ee728b)
Start importing Assets/Externals/Wild West Western/Models/Chapel.fbx using Guid(5c1542ad9b39d2248b66b8671bd5e0a8) Importer(815301076,1909f56bfc062723c751e8b465ee728b)  -> (artifact id: 'e1b64cf7d2c58d0ab08d3602d3d600ae') in 0.078943 seconds 
  Import took 0.086867 seconds .

========================================================================
Received Import Request.
  Time since last request: 0.000462 seconds.
  path: Assets/Oculus/VR/Meshes/OculusTouchForRift/left_touch_controller_model_skel.fbx
  artifactKey: Guid(c3ba18e9fa5e9104098cbdbb3e23a5b4) Importer(815301076,1909f56bfc062723c751e8b465ee728b)
Start importing Assets/Oculus/VR/Meshes/OculusTouchForRift/left_touch_controller_model_skel.fbx using Guid(c3ba18e9fa5e9104098cbdbb3e23a5b4) Importer(815301076,1909f56bfc062723c751e8b465ee728b)  -> (artifact id: '996cef378218dc9b0a0b43e9c2cd635f') in 0.455680 seconds 
  Import took 0.465710 seconds .

========================================================================
Received Import Request.
  Time since last request: 0.000523 seconds.
  path: Assets/Colt Python/mesh/pyhton.fbx
  artifactKey: Guid(4d510e9e0fbf27242bd79c42bfb6e8f6) Importer(815301076,1909f56bfc062723c751e8b465ee728b)
Start importing Assets/Colt Python/mesh/pyhton.fbx using Guid(4d510e9e0fbf27242bd79c42bfb6e8f6) Importer(815301076,1909f56bfc062723c751e8b465ee728b)  -> (artifact id: 'be02aa33718c04b1f03af0407f114373') in 0.796766 seconds 
  Import took 0.806687 seconds .

========================================================================
Received Import Request.
  Time since last request: 0.000515 seconds.
  path: Assets/Oculus/SampleFramework/Usage/SharedAssets/Models/light_01.fbx
  artifactKey: Guid(bfb489ece60964f70a07bdbc2eaf241c) Importer(815301076,1909f56bfc062723c751e8b465ee728b)
Start importing Assets/Oculus/SampleFramework/Usage/SharedAssets/Models/light_01.fbx using Guid(bfb489ece60964f70a07bdbc2eaf241c) Importer(815301076,1909f56bfc062723c751e8b465ee728b)  -> (artifact id: 'f7b1b584608be25a6aa2042b1f929851') in 0.114734 seconds 
  Import took 0.122206 seconds .

========================================================================
Received Import Request.
  Time since last request: 0.000503 seconds.
  path: Assets/Oculus/VR/Meshes/Cone.obj
  artifactKey: Guid(c28fa8d61f81fb742b1180a6d4516625) Importer(815301076,1909f56bfc062723c751e8b465ee728b)
Start importing Assets/Oculus/VR/Meshes/Cone.obj using Guid(c28fa8d61f81fb742b1180a6d4516625) Importer(815301076,1909f56bfc062723c751e8b465ee728b)  -> (artifact id: 'b810915c063a6708d69fc92f9dda55cc') in 0.046385 seconds 
  Import took 0.052407 seconds .

========================================================================
Received Import Request.
  Time since last request: 0.000334 seconds.
  path: Assets/Externals/Wild West Western/Models/Coach.fbx
  artifactKey: Guid(9210f739e2467864d973e462fbf0cf15) Importer(815301076,1909f56bfc062723c751e8b465ee728b)
Start importing Assets/Externals/Wild West Western/Models/Coach.fbx using Guid(9210f739e2467864d973e462fbf0cf15) Importer(815301076,1909f56bfc062723c751e8b465ee728b)  -> (artifact id: '245b9435037df7d763f083fee167201d') in 0.063897 seconds 
  Import took 0.070050 seconds .

========================================================================
Received Import Request.
  Time since last request: 0.000678 seconds.
  path: Assets/Oculus/VR/Meshes/HandTracking/OculusHand_R.fbx
  artifactKey: Guid(88e2e1bfe11ec6c438b0ade27eaeded1) Importer(815301076,1909f56bfc062723c751e8b465ee728b)
Start importing Assets/Oculus/VR/Meshes/HandTracking/OculusHand_R.fbx using Guid(88e2e1bfe11ec6c438b0ade27eaeded1) Importer(815301076,1909f56bfc062723c751e8b465ee728b)  -> (artifact id: '1f6e0b85cbd5b983b9a458e7a44bfb93') in 0.062355 seconds 
  Import took 0.070947 seconds .

========================================================================
Received Import Request.
  Time since last request: 0.000588 seconds.
  path: Assets/Externals/Wild West Western/Models/Church.fbx
  artifactKey: Guid(23ce6e10e9fd9604088e218bf3476d8e) Importer(815301076,1909f56bfc062723c751e8b465ee728b)
Start importing Assets/Externals/Wild West Western/Models/Church.fbx using Guid(23ce6e10e9fd9604088e218bf3476d8e) Importer(815301076,1909f56bfc062723c751e8b465ee728b)  -> (artifact id: '69797e86af4548197c1d3c0bec87cbb5') in 0.070579 seconds 
  Import took 0.078613 seconds .

========================================================================
Received Import Request.
  Time since last request: 29.622972 seconds.
  path: Assets/Oculus/SampleFramework/Core/TouchControllers/NewTouchControllers/controller_l.fbx
  artifactKey: Guid(5d44b47caf0eb824bade785d78f776f3) Importer(815301076,1909f56bfc062723c751e8b465ee728b)
Start importing Assets/Oculus/SampleFramework/Core/TouchControllers/NewTouchControllers/controller_l.fbx using Guid(5d44b47caf0eb824bade785d78f776f3) Importer(815301076,1909f56bfc062723c751e8b465ee728b)  -> (artifact id: '4957c8dc37ee5d284208f44e8578bb7a') in 0.056282 seconds 
  Import took 0.061697 seconds .

========================================================================
Received Import Request.
  Time since last request: 0.000269 seconds.
  path: Assets/Oculus/SampleFramework/Usage/Locomotion/Models/Cube_1_3.fbx
  artifactKey: Guid(ced5e2b8b344542e3ba04620048ca68b) Importer(815301076,1909f56bfc062723c751e8b465ee728b)
Start importing Assets/Oculus/SampleFramework/Usage/Locomotion/Models/Cube_1_3.fbx using Guid(ced5e2b8b344542e3ba04620048ca68b) Importer(815301076,1909f56bfc062723c751e8b465ee728b)  -> (artifact id: 'fcd3fd75a0a6428bb89e83a753aedfe2') in 0.068144 seconds 
  Import took 0.072361 seconds .

========================================================================
Received Import Request.
  Time since last request: 0.000319 seconds.
  path: Assets/Oculus/SampleFramework/Usage/Locomotion/Models/Cube_1x1.fbx
  artifactKey: Guid(f05f2734ffbf9414ba58a734f87730bd) Importer(815301076,1909f56bfc062723c751e8b465ee728b)
Start importing Assets/Oculus/SampleFramework/Usage/Locomotion/Models/Cube_1x1.fbx using Guid(f05f2734ffbf9414ba58a734f87730bd) Importer(815301076,1909f56bfc062723c751e8b465ee728b)  -> (artifact id: 'f4f887c2ad75a3844caaa7542912e4f5') in 0.071653 seconds 
  Import took 0.075764 seconds .

========================================================================
Received Import Request.
  Time since last request: 0.000278 seconds.
  path: Assets/Oculus/SampleFramework/Usage/Locomotion/Models/Cube_1_1.fbx
  artifactKey: Guid(502c3d024430a46e1a352dd7c830b88e) Importer(815301076,1909f56bfc062723c751e8b465ee728b)
Start importing Assets/Oculus/SampleFramework/Usage/Locomotion/Models/Cube_1_1.fbx using Guid(502c3d024430a46e1a352dd7c830b88e) Importer(815301076,1909f56bfc062723c751e8b465ee728b)  -> (artifact id: '9c434d4e9b9672b11be2620545e61865') in 0.077923 seconds 
  Import took 0.082844 seconds .

========================================================================
Received Import Request.
  Time since last request: 0.000288 seconds.
  path: Assets/Oculus/SampleFramework/Core/TouchControllers/NewTouchControllers/controller_r.fbx
  artifactKey: Guid(a5ff41a7886a0ba429cf9e8b9620d2e9) Importer(815301076,1909f56bfc062723c751e8b465ee728b)
Start importing Assets/Oculus/SampleFramework/Core/TouchControllers/NewTouchControllers/controller_r.fbx using Guid(a5ff41a7886a0ba429cf9e8b9620d2e9) Importer(815301076,1909f56bfc062723c751e8b465ee728b)  -> (artifact id: '252895bf946c83e565c83534d4de2fc3') in 0.031691 seconds 
  Import took 0.036201 seconds .

========================================================================
Received Import Request.
  Time since last request: 0.000174 seconds.
  path: Assets/Oculus/SampleFramework/Usage/Locomotion/Models/Cube_1_9.fbx
  artifactKey: Guid(27b0bc30a7a594c8ebf062ec735d41e0) Importer(815301076,1909f56bfc062723c751e8b465ee728b)
Start importing Assets/Oculus/SampleFramework/Usage/Locomotion/Models/Cube_1_9.fbx using Guid(27b0bc30a7a594c8ebf062ec735d41e0) Importer(815301076,1909f56bfc062723c751e8b465ee728b)  -> (artifact id: 'e440d7e949e94ba64457e4e2f0c3dad0') in 0.053911 seconds 
  Import took 0.058829 seconds .

========================================================================
Received Import Request.
  Time since last request: 0.000274 seconds.
  path: Assets/Oculus/SampleFramework/Core/TouchControllers/NewTouchControllers/controller_r.fbx
  artifactKey: Guid(a5ff41a7886a0ba429cf9e8b9620d2e9) Importer(815301076,1909f56bfc062723c751e8b465ee728b)
Start importing Assets/Oculus/SampleFramework/Core/TouchControllers/NewTouchControllers/controller_r.fbx using Guid(a5ff41a7886a0ba429cf9e8b9620d2e9) Importer(815301076,1909f56bfc062723c751e8b465ee728b)  -> (artifact id: '252895bf946c83e565c83534d4de2fc3') in 0.023801 seconds 
  Import took 0.027895 seconds .

========================================================================
Received Import Request.
  Time since last request: 0.000303 seconds.
  path: Assets/Oculus/SampleFramework/Usage/Locomotion/Models/Cube_1x4.fbx
  artifactKey: Guid(24da116da1bdc42f9baa1d364abfbf73) Importer(815301076,1909f56bfc062723c751e8b465ee728b)
Start importing Assets/Oculus/SampleFramework/Usage/Locomotion/Models/Cube_1x4.fbx using Guid(24da116da1bdc42f9baa1d364abfbf73) Importer(815301076,1909f56bfc062723c751e8b465ee728b)  -> (artifact id: '6ad98d97e8f6d224751f2ee993a472ae') in 0.053905 seconds 
  Import took 0.057815 seconds .

========================================================================
Received Import Request.
  Time since last request: 0.000255 seconds.
  path: Assets/Oculus/SampleFramework/Usage/Locomotion/Models/Cube_1_4.fbx
  artifactKey: Guid(224c38915b3804120a195b495c4d21e2) Importer(815301076,1909f56bfc062723c751e8b465ee728b)
Start importing Assets/Oculus/SampleFramework/Usage/Locomotion/Models/Cube_1_4.fbx using Guid(224c38915b3804120a195b495c4d21e2) Importer(815301076,1909f56bfc062723c751e8b465ee728b)  -> (artifact id: '8297db19752340226b7dd935140ba848') in 0.069513 seconds 
  Import took 0.073602 seconds .

========================================================================
Received Import Request.
  Time since last request: 0.000258 seconds.
  path: Assets/Oculus/SampleFramework/Usage/Locomotion/Models/Cube_1_8.fbx
  artifactKey: Guid(5e499b0e5bd2f4813ac6a5fc723b3d44) Importer(815301076,1909f56bfc062723c751e8b465ee728b)
Start importing Assets/Oculus/SampleFramework/Usage/Locomotion/Models/Cube_1_8.fbx using Guid(5e499b0e5bd2f4813ac6a5fc723b3d44) Importer(815301076,1909f56bfc062723c751e8b465ee728b)  -> (artifact id: '83179b0bf4a6d84fef54e81302d91f22') in 0.057309 seconds 
  Import took 0.061828 seconds .

========================================================================
Received Import Request.
  Time since last request: 0.000282 seconds.
  path: Assets/Oculus/SampleFramework/Usage/Locomotion/Models/Cube_1_7.fbx
  artifactKey: Guid(aa48aa7918416413d960ff8645fafc1f) Importer(815301076,1909f56bfc062723c751e8b465ee728b)
Start importing Assets/Oculus/SampleFramework/Usage/Locomotion/Models/Cube_1_7.fbx using Guid(aa48aa7918416413d960ff8645fafc1f) Importer(815301076,1909f56bfc062723c751e8b465ee728b)  -> (artifact id: 'acf10188763e2b0be46f1d646a3852f1') in 0.068251 seconds 
  Import took 0.073234 seconds .

========================================================================
Received Import Request.
  Time since last request: 0.000303 seconds.
  path: Assets/Oculus/SampleFramework/Usage/Locomotion/Models/Cube_1_2.fbx
  artifactKey: Guid(540bca11e17b14edb9461efe36f0d52b) Importer(815301076,1909f56bfc062723c751e8b465ee728b)
Start importing Assets/Oculus/SampleFramework/Usage/Locomotion/Models/Cube_1_2.fbx using Guid(540bca11e17b14edb9461efe36f0d52b) Importer(815301076,1909f56bfc062723c751e8b465ee728b)  -> (artifact id: '926d68af4cf659e6bc9087ffec1cbe68') in 0.066484 seconds 
  Import took 0.073258 seconds .

========================================================================
Received Import Request.
  Time since last request: 0.000494 seconds.
  path: Assets/Oculus/SampleFramework/Usage/Locomotion/Models/Cube_1_10.fbx
  artifactKey: Guid(40647bdf142454da38ca8b4c0fb495a8) Importer(815301076,1909f56bfc062723c751e8b465ee728b)
Start importing Assets/Oculus/SampleFramework/Usage/Locomotion/Models/Cube_1_10.fbx using Guid(40647bdf142454da38ca8b4c0fb495a8) Importer(815301076,1909f56bfc062723c751e8b465ee728b)  -> (artifact id: '38db82559be0116777818d04c47340d0') in 0.087989 seconds 
  Import took 0.094156 seconds .

========================================================================
Received Import Request.
  Time since last request: 0.000420 seconds.
  path: Assets/Oculus/SampleFramework/Usage/Locomotion/Models/Cube_1_5.fbx
  artifactKey: Guid(662b03c631561489b914cc45ca1ef4ff) Importer(815301076,1909f56bfc062723c751e8b465ee728b)
Start importing Assets/Oculus/SampleFramework/Usage/Locomotion/Models/Cube_1_5.fbx using Guid(662b03c631561489b914cc45ca1ef4ff) Importer(815301076,1909f56bfc062723c751e8b465ee728b)  -> (artifact id: '73544f19cf5bd7f611690482b1a416eb') in 0.106497 seconds 
  Import took 0.114452 seconds .

========================================================================
Received Import Request.
  Time since last request: 0.000465 seconds.
  path: Assets/Oculus/SampleFramework/Usage/Locomotion/Models/Cube_1_6.fbx
  artifactKey: Guid(3b72cd902d6ce4108ba2ae9e9fad4df4) Importer(815301076,1909f56bfc062723c751e8b465ee728b)
Start importing Assets/Oculus/SampleFramework/Usage/Locomotion/Models/Cube_1_6.fbx using Guid(3b72cd902d6ce4108ba2ae9e9fad4df4) Importer(815301076,1909f56bfc062723c751e8b465ee728b)  -> (artifact id: '8641db74d8c9ce61023088ab1e7f7dc5') in 0.094140 seconds 
  Import took 0.102064 seconds .

========================================================================
Received Import Request.
  Time since last request: 245.595793 seconds.
  path: Assets/Externals/Wild West Western/Models/Mine_Construction.fbx
  artifactKey: Guid(a4bee9ddaa6817e4d952d67c19d1c37c) Importer(815301076,1909f56bfc062723c751e8b465ee728b)
Start importing Assets/Externals/Wild West Western/Models/Mine_Construction.fbx using Guid(a4bee9ddaa6817e4d952d67c19d1c37c) Importer(815301076,1909f56bfc062723c751e8b465ee728b)  -> (artifact id: '30735fb7ae4d346aff05e7b592dd75ec') in 0.057614 seconds 
  Import took 0.063677 seconds .

========================================================================
Received Import Request.
  Time since last request: 0.000251 seconds.
  path: Assets/Externals/Wild West Western/Models/Mine_Entrance.fbx
  artifactKey: Guid(41735f2da89acef419d2c1a80e23e115) Importer(815301076,1909f56bfc062723c751e8b465ee728b)
Start importing Assets/Externals/Wild West Western/Models/Mine_Entrance.fbx using Guid(41735f2da89acef419d2c1a80e23e115) Importer(815301076,1909f56bfc062723c751e8b465ee728b)  -> (artifact id: '5412880384d57cfd00a51df69d2449d3') in 0.028699 seconds 
  Import took 0.032513 seconds .

========================================================================
Received Import Request.
  Time since last request: 0.000361 seconds.
  path: Assets/Externals/Wild West Western/Models/Mine_Construction.fbx
  artifactKey: Guid(a4bee9ddaa6817e4d952d67c19d1c37c) Importer(815301076,1909f56bfc062723c751e8b465ee728b)
Start importing Assets/Externals/Wild West Western/Models/Mine_Construction.fbx using Guid(a4bee9ddaa6817e4d952d67c19d1c37c) Importer(815301076,1909f56bfc062723c751e8b465ee728b)  -> (artifact id: '30735fb7ae4d346aff05e7b592dd75ec') in 0.046714 seconds 
  Import took 0.053258 seconds .

========================================================================
Received Import Request.
  Time since last request: 0.000480 seconds.
  path: Assets/Externals/Wild West Western/Models/Mine_Entrance.fbx
  artifactKey: Guid(41735f2da89acef419d2c1a80e23e115) Importer(815301076,1909f56bfc062723c751e8b465ee728b)
Start importing Assets/Externals/Wild West Western/Models/Mine_Entrance.fbx using Guid(41735f2da89acef419d2c1a80e23e115) Importer(815301076,1909f56bfc062723c751e8b465ee728b)  -> (artifact id: '5412880384d57cfd00a51df69d2449d3') in 0.034499 seconds 
  Import took 0.040962 seconds .

========================================================================
Received Prepare
Registering precompiled user dll's ...
Registered in 0.006809 seconds.
Begin MonoManager ReloadAssembly
Native extension for WindowsStandalone target not found
Refreshing native plugins compatible for Editor in 2.03 ms, found 12 plugins.
Preloading 2 native plugins for Editor in 0.33 ms.
Mono: successfully reloaded assembly
- Completed reload, in  2.535 seconds
Platform modules already initialized, skipping
Switching build target platform(19) subTarget(0) extendedPlatform(0) -> platform(13) subTarget(524294) extendedPlatform(0)
Shader 'Oculus/OVRMRCameraFrameLit': fallback shader 'Alpha-Diffuse' not found
Refreshing native plugins compatible for Editor in 2.10 ms, found 12 plugins.
Preloading 2 native plugins for Editor in 0.31 ms.
Unloading 2324 Unused Serialized files (Serialized files now loaded: 0)
System memory in use before: 122.4 MB.
System memory in use after: 122.6 MB.

Unloading 41 unused Assets to reduce memory usage. Loaded Objects now: 2891.
Total: 3.450900 ms (FindLiveObjects: 0.314900 ms CreateObjectMapping: 0.220600 ms MarkObjects: 2.849800 ms  DeleteObjects: 0.064200 ms)

AssetImportParameters requested are different than current active one (requested -> active):
  custom:framework-win-MediaFoundation: 216162199b28c13a410421893ffa2e32 -> 
  custom:video-decoder-ogg-theora: a1e56fd34408186e4bbccfd4996cb3dc -> 
  custom:container-muxer-webm: aa71ff27fc2769a1b78a27578f13a17b -> 
  custom:container-demuxer-webm: 4f35f7cbe854078d1ac9338744f61a02 -> 
  custom:container-demuxer-ogg: 62fdf1f143b41e24485cea50d1cbac27 -> 
  custom:video-encoder-webm-vp8: eb34c28f22e8b96e1ab97ce403110664 -> 
  custom:video-decoder-webm-vp8: 9c59270c3fd7afecdb556c50c9e8de78 -> 
  custom:graphics/normal-map-encoding: 01000000000000000000000000000000 -> 02000000000000000000000000000000
  custom:audio-decoder-ogg-vorbis: bf7c407c2cedff20999df2af8eb42d56 -> 
  custom:audio-encoder-webm-vorbis: bf7c407c2cedff20999df2af8eb42d56 -> 
========================================================================
Received Prepare
Registering precompiled user dll's ...
Registered in 0.022147 seconds.
Begin MonoManager ReloadAssembly
Native extension for WindowsStandalone target not found
Refreshing native plugins compatible for Editor in 1.41 ms, found 12 plugins.
Preloading 2 native plugins for Editor in 0.24 ms.
Mono: successfully reloaded assembly
- Completed reload, in  2.389 seconds
Platform modules already initialized, skipping
Switching build target platform(19) subTarget(0) extendedPlatform(0) -> platform(13) subTarget(524294) extendedPlatform(0)
Shader 'Oculus/OVRMRCameraFrameLit': fallback shader 'Alpha-Diffuse' not found
Refreshing native plugins compatible for Editor in 2.11 ms, found 12 plugins.
Preloading 2 native plugins for Editor in 0.38 ms.
Unloading 2324 Unused Serialized files (Serialized files now loaded: 0)
System memory in use before: 122.4 MB.
System memory in use after: 122.6 MB.

Unloading 40 unused Assets to reduce memory usage. Loaded Objects now: 2895.
Total: 3.712700 ms (FindLiveObjects: 0.263300 ms CreateObjectMapping: 0.184000 ms MarkObjects: 3.170400 ms  DeleteObjects: 0.093700 ms)

AssetImportParameters requested are different than current active one (requested -> active):
  custom:framework-win-MediaFoundation: 216162199b28c13a410421893ffa2e32 -> 
  custom:video-decoder-ogg-theora: a1e56fd34408186e4bbccfd4996cb3dc -> 
  custom:container-muxer-webm: aa71ff27fc2769a1b78a27578f13a17b -> 
  custom:container-demuxer-webm: 4f35f7cbe854078d1ac9338744f61a02 -> 
  custom:container-demuxer-ogg: 62fdf1f143b41e24485cea50d1cbac27 -> 
  custom:video-encoder-webm-vp8: eb34c28f22e8b96e1ab97ce403110664 -> 
  custom:video-decoder-webm-vp8: 9c59270c3fd7afecdb556c50c9e8de78 -> 
  custom:graphics/normal-map-encoding: 01000000000000000000000000000000 -> 02000000000000000000000000000000
  custom:audio-decoder-ogg-vorbis: bf7c407c2cedff20999df2af8eb42d56 -> 
  custom:audio-encoder-webm-vorbis: bf7c407c2cedff20999df2af8eb42d56 -> 
========================================================================
Received Import Request.
  Time since last request: 333.439516 seconds.
  path: Assets/Scenes/SampleScene.scenetemplate
  artifactKey: Guid(af8904ed2f1ee1c478bcb40515fa23a7) Importer(815301076,1909f56bfc062723c751e8b465ee728b)
Start importing Assets/Scenes/SampleScene.scenetemplate using Guid(af8904ed2f1ee1c478bcb40515fa23a7) Importer(815301076,1909f56bfc062723c751e8b465ee728b)  -> (artifact id: '509c1106f76c846f6ad8162873a39f18') in 0.677721 seconds 
  Import took 0.687256 seconds .

========================================================================
Received Prepare
Registering precompiled user dll's ...
Registered in 0.015012 seconds.
Begin MonoManager ReloadAssembly
Native extension for WindowsStandalone target not found
Multiple plugins with the same name 'ovrplugin' (found at 'Assets/Externals/Oculus/VR/Plugins/1.61.0/Win64/OVRPlugin.dll' and 'Assets/Oculus/VR/Plugins/1.61.0/Win64/OVRPlugin.dll'). That means one or more plugins are set to be compatible with Editor. Only one plugin at the time can be used by Editor.

Multiple plugins with the same name 'audiopluginoculusspatializer' (found at 'Assets/Externals/Oculus/Spatializer/Plugins/x86_64/AudioPluginOculusSpatializer.dll' and 'Assets/Oculus/Spatializer/Plugins/x86_64/AudioPluginOculusSpatializer.dll'). That means one or more plugins are set to be compatible with Editor. Only one plugin at the time can be used by Editor.

Refreshing native plugins compatible for Editor in 1.06 ms, found 12 plugins.
Preloading 2 native plugins for Editor in 0.12 ms.
Mono: successfully reloaded assembly
- Completed reload, in  1.147 seconds
Platform modules already initialized, skipping
Switching build target platform(19) subTarget(0) extendedPlatform(0) -> platform(13) subTarget(524294) extendedPlatform(0)
Shader 'Oculus/OVRMRCameraFrameLit': fallback shader 'Alpha-Diffuse' not found
Multiple plugins with the same name 'ovrplugin' (found at 'Assets/Externals/Oculus/VR/Plugins/1.61.0/Win64/OVRPlugin.dll' and 'Assets/Oculus/VR/Plugins/1.61.0/Win64/OVRPlugin.dll'). That means one or more plugins are set to be compatible with Editor. Only one plugin at the time can be used by Editor.

Multiple plugins with the same name 'audiopluginoculusspatializer' (found at 'Assets/Externals/Oculus/Spatializer/Plugins/x86_64/AudioPluginOculusSpatializer.dll' and 'Assets/Oculus/Spatializer/Plugins/x86_64/AudioPluginOculusSpatializer.dll'). That means one or more plugins are set to be compatible with Editor. Only one plugin at the time can be used by Editor.

Refreshing native plugins compatible for Editor in 3.18 ms, found 12 plugins.
Preloading 2 native plugins for Editor in 0.44 ms.
Unloading 2328 Unused Serialized files (Serialized files now loaded: 0)
System memory in use before: 122.7 MB.
System memory in use after: 122.9 MB.

Unloading 42 unused Assets to reduce memory usage. Loaded Objects now: 2901.
Total: 5.938300 ms (FindLiveObjects: 0.431600 ms CreateObjectMapping: 0.256000 ms MarkObjects: 5.133800 ms  DeleteObjects: 0.114500 ms)

AssetImportParameters requested are different than current active one (requested -> active):
  custom:framework-win-MediaFoundation: 216162199b28c13a410421893ffa2e32 -> 
  custom:video-decoder-ogg-theora: a1e56fd34408186e4bbccfd4996cb3dc -> 
  custom:container-muxer-webm: aa71ff27fc2769a1b78a27578f13a17b -> 
  custom:container-demuxer-webm: 4f35f7cbe854078d1ac9338744f61a02 -> 
  custom:container-demuxer-ogg: 62fdf1f143b41e24485cea50d1cbac27 -> 
  custom:video-encoder-webm-vp8: eb34c28f22e8b96e1ab97ce403110664 -> 
  custom:video-decoder-webm-vp8: 9c59270c3fd7afecdb556c50c9e8de78 -> 
  custom:graphics/normal-map-encoding: 01000000000000000000000000000000 -> 02000000000000000000000000000000
  custom:audio-decoder-ogg-vorbis: bf7c407c2cedff20999df2af8eb42d56 -> 
  custom:audio-encoder-webm-vorbis: bf7c407c2cedff20999df2af8eb42d56 -> 
========================================================================
Received Import Request.
  Time since last request: 99.238352 seconds.
  path: Assets/Scenes/SampleScene.unity
  artifactKey: Guid(9fc0d4010bbf28b4594072e72b8655ab) Importer(815301076,1909f56bfc062723c751e8b465ee728b)
Start importing Assets/Scenes/SampleScene.unity using Guid(9fc0d4010bbf28b4594072e72b8655ab) Importer(815301076,1909f56bfc062723c751e8b465ee728b)  -> (artifact id: '8eeaa363b0c1f9c20603a340ad8f9b34') in 0.024043 seconds 
  Import took 0.030188 seconds .

========================================================================
Received Import Request.
  Time since last request: 11.642694 seconds.
  path: Assets/Textures/Target.png
  artifactKey: Guid(69baee1ba377929409a14937fd32ec42) Importer(815301076,1909f56bfc062723c751e8b465ee728b)
Start importing Assets/Textures/Target.png using Guid(69baee1ba377929409a14937fd32ec42) Importer(815301076,1909f56bfc062723c751e8b465ee728b)  -> (artifact id: '5e3f153497bb0c87ddbaf699d2f42f1f') in 0.066208 seconds 
  Import took 0.073124 seconds .

========================================================================
Received Import Request.
  Time since last request: 38.554210 seconds.
  path: Assets/Textures/ef238b5a703395ae88807b1e5eb4c5ad.jpg
  artifactKey: Guid(eb2cc860c0f7fcb4baaf4a9661ba7094) Importer(815301076,1909f56bfc062723c751e8b465ee728b)
Start importing Assets/Textures/ef238b5a703395ae88807b1e5eb4c5ad.jpg using Guid(eb2cc860c0f7fcb4baaf4a9661ba7094) Importer(815301076,1909f56bfc062723c751e8b465ee728b)  -> (artifact id: '23b3baa1ec41429025888d36bb388c3f') in 0.017252 seconds 
  Import took 0.022795 seconds .

========================================================================
Received Import Request.
  Time since last request: 7.000669 seconds.
  path: Assets/Textures/Glass.jpg
  artifactKey: Guid(eb2cc860c0f7fcb4baaf4a9661ba7094) Importer(815301076,1909f56bfc062723c751e8b465ee728b)
Start importing Assets/Textures/Glass.jpg using Guid(eb2cc860c0f7fcb4baaf4a9661ba7094) Importer(815301076,1909f56bfc062723c751e8b465ee728b)  -> (artifact id: 'eae7e9ad25e5c326ee1f437bc434aa04') in 0.019981 seconds 
  Import took 0.024677 seconds .

========================================================================
Received Import Request.
  Time since last request: 5.320149 seconds.
  path: Assets/Textures/Grass.jpg
  artifactKey: Guid(eb2cc860c0f7fcb4baaf4a9661ba7094) Importer(815301076,1909f56bfc062723c751e8b465ee728b)
Start importing Assets/Textures/Grass.jpg using Guid(eb2cc860c0f7fcb4baaf4a9661ba7094) Importer(815301076,1909f56bfc062723c751e8b465ee728b)  -> (artifact id: '8ab22a645d36db07c60cf2301b66392e') in 0.017198 seconds 
  Import took 0.021313 seconds .

